#
# A fatal error has been detected by the Java Runtime Environment:
#
#  EXCEPTION_ACCESS_VIOLATION (0xc0000005) at pc=0x00007ff8e5631b86, pid=3020, tid=1064
#
# JRE version:  (25.0.1+8) (build )
# Java VM: Java HotSpot(TM) 64-Bit Server VM (25.0.1+8-LTS-27, mixed mode, sharing, tiered, compressed class ptrs, unknown gc, windows-amd64)
# Problematic frame:
# C  [jimage.dll+0x1b86]
#
# No core dump will be written. Minidumps are not enabled by default on client versions of Windows
#
#

---------------  S U M M A R Y ------------

Command Line: 

Host: 11th Gen Intel(R) Core(TM) i5-11320H @ 3.20GHz, 8 cores, 7G,  Windows 11 , 64 bit Build 26100 (10.0.26100.7309)
Time: Thu Jan  8 20:29:59 2026 GTB Standard Time elapsed time: 1.077928 seconds (0d 0h 0m 1s)

---------------  T H R E A D  ---------------

Current thread is native thread

Stack: [0x000000ad29f00000,0x000000ad2a000000],  sp=0x000000ad29ffd630,  free space=1013k
Native frames: (J=compiled Java code, j=interpreted, Vv=VM code, C=native code)
C  [jimage.dll+0x1b86]  (no source info available)
C  [jimage.dll+0x1d0f]  (no source info available)
C  [jimage.dll+0x2619]  (no source info available)
V  [jvm.dll+0x293702]  (no source info available)
V  [jvm.dll+0x1158bc]  (no source info available)
V  [jvm.dll+0x90ffe8]  (no source info available)
V  [jvm.dll+0x4f9061]  (no source info available)
V  [jvm.dll+0x4fa8f1]  (no source info available)
C  [jli.dll+0x543e]  (no source info available)
C  [ucrtbase.dll+0x37b0]  (no source info available)
C  [KERNEL32.DLL+0x2e8d7]  (no source info available)
C  [ntdll.dll+0x8c53c]  (no source info available)


siginfo: EXCEPTION_ACCESS_VIOLATION (0xc0000005), reading address 0x000000000001d39c


Registers:
RAX=0x00007ff8e5634298, RBX=0x000000ad29ffd721, RCX=0x00007ff8e5636000, RDX=0x00000000000074e0
RSP=0x000000ad29ffd630, RBP=0x000000ad29ffd720, RSI=0x000000000000754e, RDI=0x000000ad29ffd720
R8 =0x000000000000001c, R9 =0x00007ff8e5636000, R10=0x00007ff8e6340000, R11=0x8101010101010100
R12=0x0000000000000000, R13=0x0000000000000000, R14=0x000000ad29ffe790, R15=0x00007ff8873f0fa8
RIP=0x00007ff8e5631b86, EFLAGS=0x0000000000010247

XMM[0]=0x0000000000000000 0x0000000000000000
XMM[1]=0x2f6d762f6c616e72 0x65746e692f6b646a
XMM[2]=0x736e6f6974706f2f 0x6d762f6c616e7265
XMM[3]=0x0000000000000000 0x0000000000000000
XMM[4]=0x0000000000000000 0x0000000000000000
XMM[5]=0x0000000000000000 0x0000000000000000
XMM[6]=0x0000000000000000 0x0000000000000000
XMM[7]=0x0000000000000000 0x0000000000000000
XMM[8]=0x0000000000000000 0x0000000000000000
XMM[9]=0x0000000000000000 0x0000000000000000
XMM[10]=0x0000000000000000 0x0000000000000000
XMM[11]=0x0000000000000000 0x0000000000000000
XMM[12]=0x0000000000000000 0x0000000000000000
XMM[13]=0x0000000000000000 0x0000000000000000
XMM[14]=0x0000000000000000 0x0000000000000000
XMM[15]=0x0000000000000000 0x0000000000000000
  MXCSR=0x00001f80


Top of Stack: (sp=0x000000ad29ffd630)
0x000000ad29ffd630:   0000000000000000 0000000000000000   ................
0x000000ad29ffd640:   0000000000000000 0000000000000000   ................
0x000000ad29ffd650:   0000025c05caef30 00007ff8e5631d0f   0...\.....c.....
0x000000ad29ffd660:   000000000000000b 0000025c05caef30   ........0...\...
0x000000ad29ffd670:   0000000000000000 0000000000000000   ................
0x000000ad29ffd680:   0000000000000000 0000000000000000   ................
0x000000ad29ffd690:   0000000000000000 0000000000000000   ................
0x000000ad29ffd6a0:   0000002900000000 0000000000000000   ....)...........
0x000000ad29ffd6b0:   0000000000000000 0000000000000000   ................
0x000000ad29ffd6c0:   00007a885d711666 0000000000000000   f.q].z..........
0x000000ad29ffd6d0:   00007ff8873cd980 0000000000000017   ..<.............
0x000000ad29ffd6e0:   0000025c05caef30 000000ad29ffe790   0...\......)....
0x000000ad29ffd6f0:   000000000000000b 00007ff8e5632619   .........&c.....
0x000000ad29ffd700:   0000000000000000 0000000000000000   ................
0x000000ad29ffd710:   0000025c05bd0a10 0000000000000000   ....\...........
0x000000ad29ffd720:   61622e6176616a2f 692f6b646a2f6573   /java.base/jdk/i
0x000000ad29ffd730:   2f6c616e7265746e 6f6974706f2f6d76   nternal/vm/optio
0x000000ad29ffd740:   000000000000736e 0000000000000000   ns..............
0x000000ad29ffd750:   0000000000000000 0000000000000000   ................
0x000000ad29ffd760:   0000025c05bd0a10 0000000000000000   ....\...........
0x000000ad29ffd770:   0000000000000000 0000000000000000   ................
0x000000ad29ffd780:   0000000000000000 0000000000000000   ................
0x000000ad29ffd790:   0000000000000000 0000000000000000   ................
0x000000ad29ffd7a0:   0000000000000000 0000000000000000   ................
0x000000ad29ffd7b0:   0000000000000000 0000000000000000   ................
0x000000ad29ffd7c0:   0000000000000000 0000000000000000   ................
0x000000ad29ffd7d0:   0000000000000000 0000000000000000   ................
0x000000ad29ffd7e0:   0000000000000000 0000000000000000   ................
0x000000ad29ffd7f0:   0000000000000000 0000000000000000   ................
0x000000ad29ffd800:   0000025c0801b5a0 0000000000000001   ....\...........
0x000000ad29ffd810:   0000000000008210 00000000000081fe   ................
0x000000ad29ffd820:   0000000000008210 00007ff8fee71624   ........$.......

Instructions: (pc=0x00007ff8e5631b86)
  0x00007ff8e5631a86:   80 3d 83 45 00 00 00 74 06 48 8b 53 18 eb 04 48
  0x00007ff8e5631a96:   8b 53 40 e8 de 0e 00 00 48 c7 43 48 00 00 00 00
  0x00007ff8e5631aa6:   8b 4b 0c 83 f9 ff 74 0c e8 11 0d 00 00 c7 43 0c
  0x00007ff8e5631ab6:   ff ff ff ff 48 8b 4b 70 48 85 c9 74 12 ba 10 00
  0x00007ff8e5631ac6:   00 00 e8 2f 0f 00 00 48 c7 43 70 00 00 00 00 48
  0x00007ff8e5631ad6:   83 c4 20 5b c3 cc 40 53 48 83 ec 20 48 8b d9 48
  0x00007ff8e5631ae6:   8d 0d 94 47 00 00 e8 db 0c 00 00 83 6b 08 01 75
  0x00007ff8e5631af6:   24 48 8b d3 48 8d 0d 17 45 00 00 e8 42 08 00 00
  0x00007ff8e5631b06:   48 8b cb e8 ca fe ff ff ba 78 00 00 00 48 8b cb
  0x00007ff8e5631b16:   e8 e1 0e 00 00 48 8d 0d 5e 47 00 00 48 83 c4 20
  0x00007ff8e5631b26:   5b e9 a8 0c 00 00 48 89 5c 24 08 48 89 74 24 10
  0x00007ff8e5631b36:   57 48 83 ec 20 41 8b f1 4c 8b c9 48 8b fa 4d 85
  0x00007ff8e5631b46:   c0 74 72 85 f6 74 6e 44 8a 12 48 8d 5a 01 48 8b
  0x00007ff8e5631b56:   d3 b8 93 01 00 01 eb 12 69 c0 93 01 00 01 41 0f
  0x00007ff8e5631b66:   b6 ca 44 8a 12 33 c1 48 ff c2 45 84 d2 75 e9 33
  0x00007ff8e5631b76:   d2 0f ba f0 1f f7 f6 49 8b 01 49 8b c9 48 63 d2
=>0x00007ff8e5631b86:   41 8b 14 90 ff 50 08 85 c0 7e 24 8a 0f eb 10 69
  0x00007ff8e5631b96:   c0 93 01 00 01 0f b6 c9 33 c1 8a 0b 48 ff c3 84
  0x00007ff8e5631ba6:   c9 75 ec 0f ba f0 1f 33 d2 f7 f6 8b c2 eb 09 79
  0x00007ff8e5631bb6:   04 f7 d0 eb 03 83 c8 ff 48 8b 5c 24 30 48 8b 74
  0x00007ff8e5631bc6:   24 38 48 83 c4 20 5f c3 cc cc 48 89 5c 24 08 48
  0x00007ff8e5631bd6:   89 74 24 10 57 48 83 ec 20 48 8b f1 48 8d 0d 97
  0x00007ff8e5631be6:   46 00 00 e8 de 0b 00 00 33 ff 39 3d 22 44 00 00
  0x00007ff8e5631bf6:   76 24 48 8b 05 21 44 00 00 48 8b d6 48 8b 1c f8
  0x00007ff8e5631c06:   48 8b 0b e8 9c 1f 00 00 85 c0 74 2b ff c7 3b 3d
  0x00007ff8e5631c16:   fe 43 00 00 72 dc 33 db 48 8d 0d 5b 46 00 00 e8
  0x00007ff8e5631c26:   aa 0b 00 00 48 8b 74 24 38 48 8b c3 48 8b 5c 24
  0x00007ff8e5631c36:   30 48 83 c4 20 5f c3 ff 43 08 eb dc cc cc 48 89
  0x00007ff8e5631c46:   5c 24 08 48 89 74 24 10 57 48 83 ec 20 48 8b d9
  0x00007ff8e5631c56:   48 8b f2 48 8b 49 10 49 8b f8 8b 53 30 48 8b 01
  0x00007ff8e5631c66:   ff 50 20 4c 8b 43 50 48 8b d6 48 8b 4b 10 44 8b
  0x00007ff8e5631c76:   c8 e8 b0 fe ff ff 83 f8 ff 74 39 48 8b 4b 10 48



---------------  P R O C E S S  ---------------

VM state: not at safepoint (not fully initialized)

VM Mutex/Monitor currently owned by a thread: None

CDS archive(s) mapped at: [0x0000000000000000-0x0000000000000000-0x0000000000000000), size 0, SharedBaseAddress: 0x0000000800000000, ArchiveRelocationMode: 1.
UseCompressedClassPointers 1, UseCompactObjectHeaders 0
Narrow klass pointer bits -1, Max shift -1
Narrow klass base: 0xffffffffffffffff, Narrow klass shift: -1
Encoding Range: [0xffffffffffffffff - 0x3fffffffffffffff), (4611686018427387904 bytes)
Klass Range:    [0x0000000000000000 - 0x0000000000000000), (0 bytes)
Klass ID Range:  [4294967295 - 0) (1)
No protection zone.

GC Precious Log:
<Not initialized>


Dynamic libraries:
0x00007ff68a9f0000 - 0x00007ff68aa00000 	C:\Program Files\Java\jdk-25\bin\java.EXE
0x00007ff8fee20000 - 0x00007ff8ff087000 	C:\WINDOWS\SYSTEM32\ntdll.dll
0x00007ff8fd520000 - 0x00007ff8fd5e9000 	C:\WINDOWS\System32\KERNEL32.DLL
0x00007ff8fc1a0000 - 0x00007ff8fc58f000 	C:\WINDOWS\System32\KERNELBASE.dll
0x00007ff8fc630000 - 0x00007ff8fc77b000 	C:\WINDOWS\System32\ucrtbase.dll
0x00007ff8e6340000 - 0x00007ff8e635e000 	C:\Program Files\Java\jdk-25\bin\VCRUNTIME140.dll
0x00007ff8e5640000 - 0x00007ff8e5657000 	C:\Program Files\Java\jdk-25\bin\jli.dll
0x00007ff8fe8c0000 - 0x00007ff8fea85000 	C:\WINDOWS\System32\USER32.dll
0x00007ff8e1ff0000 - 0x00007ff8e2283000 	C:\WINDOWS\WinSxS\amd64_microsoft.windows.common-controls_6595b64144ccf1df_6.0.26100.7309_none_3e05feeae336a044\COMCTL32.dll
0x00007ff8fca20000 - 0x00007ff8fca47000 	C:\WINDOWS\System32\win32u.dll
0x00007ff8fd720000 - 0x00007ff8fd7c9000 	C:\WINDOWS\System32\msvcrt.dll
0x00007ff8fd040000 - 0x00007ff8fd06b000 	C:\WINDOWS\System32\GDI32.dll
0x00007ff8fc830000 - 0x00007ff8fc95c000 	C:\WINDOWS\System32\gdi32full.dll
0x00007ff8fbf70000 - 0x00007ff8fc013000 	C:\WINDOWS\System32\msvcp_win.dll
0x00007ff8fed90000 - 0x00007ff8fedc1000 	C:\WINDOWS\System32\IMM32.DLL
0x00007ff8e8670000 - 0x00007ff8e867c000 	C:\Program Files\Java\jdk-25\bin\vcruntime140_1.dll
0x00007ff8e4990000 - 0x00007ff8e4a1d000 	C:\Program Files\Java\jdk-25\bin\msvcp140.dll
0x00007ff886930000 - 0x00007ff88778f000 	C:\Program Files\Java\jdk-25\bin\server\jvm.dll
0x00007ff8fcbf0000 - 0x00007ff8fcca4000 	C:\WINDOWS\System32\ADVAPI32.dll
0x00007ff8fec50000 - 0x00007ff8fecf6000 	C:\WINDOWS\System32\sechost.dll
0x00007ff8fd0f0000 - 0x00007ff8fd208000 	C:\WINDOWS\System32\RPCRT4.dll
0x00007ff8fd070000 - 0x00007ff8fd0e4000 	C:\WINDOWS\System32\WS2_32.dll
0x00007ff8f4e80000 - 0x00007ff8f4e8b000 	C:\WINDOWS\SYSTEM32\VERSION.dll
0x00007ff8f2630000 - 0x00007ff8f2665000 	C:\WINDOWS\SYSTEM32\WINMM.dll
0x00007ff8fbdd0000 - 0x00007ff8fbe2e000 	C:\WINDOWS\SYSTEM32\POWRPROF.dll
0x00007ff8fbdb0000 - 0x00007ff8fbdc4000 	C:\WINDOWS\SYSTEM32\UMPDC.dll
0x00007ff8face0000 - 0x00007ff8facfb000 	C:\WINDOWS\SYSTEM32\kernel.appcore.dll
0x00007ff8e5630000 - 0x00007ff8e563a000 	C:\Program Files\Java\jdk-25\bin\jimage.dll
0x00007ff8f9060000 - 0x00007ff8f92a2000 	C:\WINDOWS\SYSTEM32\DBGHELP.DLL
0x00007ff8fccb0000 - 0x00007ff8fd035000 	C:\WINDOWS\System32\combase.dll
0x00007ff8fd5f0000 - 0x00007ff8fd6c6000 	C:\WINDOWS\System32\OLEAUT32.dll
0x00007ff8dee30000 - 0x00007ff8dee6c000 	C:\WINDOWS\SYSTEM32\dbgcore.DLL
0x00007ff8fc780000 - 0x00007ff8fc825000 	C:\WINDOWS\System32\bcryptPrimitives.dll

JVMTI agents: none

dbghelp: loaded successfully - version: 4.0.5 - missing functions: none
symbol engine: initialized successfully - sym options: 0x614 - pdb path: .;C:\Program Files\Java\jdk-25\bin;C:\WINDOWS\SYSTEM32;C:\WINDOWS\WinSxS\amd64_microsoft.windows.common-controls_6595b64144ccf1df_6.0.26100.7309_none_3e05feeae336a044;C:\Program Files\Java\jdk-25\bin\server

VM Arguments:
java_command: <unknown>
java_class_path (initial): <not set>
Launcher Type: SUN_STANDARD

[Global flags]
     bool UseLargePagesIndividualAllocation        = false                                  {pd product} {ergonomic}

Logging:
Log output configuration:
 #0: stdout all=warning uptime,level,tags foldmultilines=false
 #1: stderr all=off uptime,level,tags foldmultilines=false

Release file:
<release file has not been read>
Environment Variables:
PATH=C:/Users/cioba/AppData/Local/nvim-data/mason/bin;C:\Program Files\Common Files\Oracle\Java\javapath;C:\WINDOWS\system32;C:\WINDOWS;C:\WINDOWS\System32\Wbem;C:\WINDOWS\System32\WindowsPowerShell\v1.0\;C:\WINDOWS\System32\OpenSSH\;C:\Program Files\Git\cmd;C:\Program Files (x86)\Windows Kits\10\Windows Performance Toolkit\;C:\Program Files\nodejs\;C:\Program Files\Microsoft SQL Server\150\Tools\Binn\;C:\Program Files\Microsoft SQL Server\Client SDK\ODBC\170\Tools\Binn\;C:\Program Files\dotnet\;C:\Program Files\Neovim\bin;C:\Program Files\GitHub CLI\;C:\Program Files\cursor\resources\app\bin;C:\Users\cioba\AppData\Local\Microsoft\WindowsApps;C:\Users\cioba\AppData\Local\Programs\Microsoft VS Code\bin;C:\Users\cioba\AppData\Roaming\npm;C:\Users\cioba\.dotnet\tools;C:\Users\cioba\AppData\Local\Programs\Antigravity\bin;C:\Program Files\Neovim\bin;C:\Program Files\Neovim\bin
USERNAME=cioba
OS=Windows_NT
PROCESSOR_IDENTIFIER=Intel64 Family 6 Model 140 Stepping 2, GenuineIntel
TMP=C:\Users\cioba\AppData\Local\Temp
TEMP=C:\Users\cioba\AppData\Local\Temp




Compilation memory statistics disabled.

Periodic native trim disabled

---------------  S Y S T E M  ---------------

OS:
 Windows 11 , 64 bit Build 26100 (10.0.26100.7309)
OS uptime: 0 days 21:22 hours

CPU: total 8 (initial active 0) 
Processor Information for the first 8 processors :
  Max Mhz: 3187, Current Mhz: 3187, Mhz Limit: 3187

Memory: 4k page, system-wide physical 7975M (1336M free)
TotalPageFile size 13975M (AvailPageFile size 5M)
current process WorkingSet (physical memory assigned to process): 10M, peak: 10M
current process commit charge ("private bytes"): 3M, peak: 3M

vm_info: Java HotSpot(TM) 64-Bit Server VM (25.0.1+8-LTS-27) for windows-amd64 JRE (25.0.1+8-LTS-27), built on 2025-09-25T16:41:16Z with unknown MS VC++:1943

END.
