#
# There is insufficient memory for the Java Runtime Environment to continue.
# Native memory allocation (malloc) failed to allocate 1048576 bytes. Error detail: AllocateHeap
# Possible reasons:
#   The system is out of physical RAM or swap space
#   This process is running with CompressedOops enabled, and the Java Heap may be blocking the growth of the native heap
# Possible solutions:
#   Reduce memory load on the system
#   Increase physical memory or swap space
#   Check if swap backing store is full
#   Decrease Java heap size (-Xmx/-Xms)
#   Decrease number of Java threads
#   Decrease Java thread stack sizes (-Xss)
#   Set larger code cache with -XX:ReservedCodeCacheSize=
#   JVM is running with Unscaled Compressed Oops mode in which the Java heap is
#     placed in the first 4GB address space. The Java Heap base address is the
#     maximum limit for the native heap growth. Please use -XX:HeapBaseMinAddress
#     to set the Java Heap base and to place the Java Heap above 4GB virtual address.
# This output file may be truncated or incomplete.
#
#  Out of Memory Error (allocation.cpp:44), pid=21836, tid=16396
#
# JRE version: OpenJDK Runtime Environment Microsoft-12574459 (21.0.9+10) (build 21.0.9+10-LTS)
# Java VM: OpenJDK 64-Bit Server VM Microsoft-12574459 (21.0.9+10-LTS, mixed mode, emulated-client, sharing, tiered, compressed oops, compressed class ptrs, g1 gc, windows-amd64)
# No core dump will be written. Minidumps are not enabled by default on client versions of Windows
#

---------------  S U M M A R Y ------------

Command Line: -XX:TieredStopAtLevel=1 -Dspring.output.ansi.enabled=always -Dcom.sun.management.jmxremote -Dspring.jmx.enabled=true -Dspring.liveBeansView.mbeanDomain -Dspring.application.admin.enabled=true -Dmanagement.endpoints.jmx.exposure.include=* -javaagent:C:\Program Files\JetBrains\IntelliJ IDEA 2025.2.3\lib\idea_rt.jar=62686 -Dfile.encoding=UTF-8 -Dsun.stdout.encoding=UTF-8 -Dsun.stderr.encoding=UTF-8 org.example.study.StudyApplication

Host: 11th Gen Intel(R) Core(TM) i5-11320H @ 3.20GHz, 8 cores, 7G,  Windows 11 , 64 bit Build 26100 (10.0.26100.7309)
Time: Tue Jan  6 13:08:34 2026 GTB Standard Time elapsed time: 2.588364 seconds (0d 0h 0m 2s)

---------------  T H R E A D  ---------------

Current thread (0x000001f5ffa8abe0):  JavaThread "Attach Listener" daemon [_thread_in_vm, id=16396, stack(0x000000c8e7100000,0x000000c8e7200000) (1024K)]

Stack: [0x000000c8e7100000,0x000000c8e7200000]
Native frames: (J=compiled Java code, j=interpreted, Vv=VM code, C=native code)
V  [jvm.dll+0x6df259]  (no source info available)
V  [jvm.dll+0x8bfe4b]  (no source info available)
V  [jvm.dll+0x8c23da]  (no source info available)
V  [jvm.dll+0x8c2ab3]  (no source info available)
V  [jvm.dll+0x28a416]  (no source info available)
V  [jvm.dll+0xc3c07]  (no source info available)
V  [jvm.dll+0x6e2669]  (no source info available)
V  [jvm.dll+0x13970e]  (no source info available)
V  [jvm.dll+0x401aad]  (no source info available)
V  [jvm.dll+0x869f7d]  (no source info available)
V  [jvm.dll+0x6e080d]  (no source info available)
C  [ucrtbase.dll+0x37b0]  (no source info available)
C  [KERNEL32.DLL+0x2e8d7]  (no source info available)
C  [ntdll.dll+0x8c53c]  (no source info available)


---------------  P R O C E S S  ---------------

Threads class SMR info:
_java_thread_list=0x000001f5d5dafe90, length=19, elements={
0x000001f5fcaf0f50, 0x000001f5ffa832a0, 0x000001f5ffa85910, 0x000001f5ffa8a320,
0x000001f5ffa8abe0, 0x000001f5ffa8b6d0, 0x000001f58f7bd5e0, 0x000001f58f7c5c50,
0x000001f5ffa5c830, 0x000001f58f90a250, 0x000001f5d522e730, 0x000001f5d522f270,
0x000001f5d52440e0, 0x000001f5d5244780, 0x000001f5d5479db0, 0x000001f5d5499ee0,
0x000001f5d54c42e0, 0x000001f5d54eece0, 0x000001f5d564bdd0
}

Java Threads: ( => current thread )
  0x000001f5fcaf0f50 JavaThread "main"                              [_thread_blocked, id=10300, stack(0x000000c8e6600000,0x000000c8e6700000) (1024K)]
  0x000001f5ffa832a0 JavaThread "Reference Handler"          daemon [_thread_blocked, id=11276, stack(0x000000c8e6e00000,0x000000c8e6f00000) (1024K)]
  0x000001f5ffa85910 JavaThread "Finalizer"                  daemon [_thread_blocked, id=10420, stack(0x000000c8e6f00000,0x000000c8e7000000) (1024K)]
  0x000001f5ffa8a320 JavaThread "Signal Dispatcher"          daemon [_thread_blocked, id=16840, stack(0x000000c8e7000000,0x000000c8e7100000) (1024K)]
=>0x000001f5ffa8abe0 JavaThread "Attach Listener"            daemon [_thread_in_vm, id=16396, stack(0x000000c8e7100000,0x000000c8e7200000) (1024K)]
  0x000001f5ffa8b6d0 JavaThread "Service Thread"             daemon [_thread_blocked, id=10804, stack(0x000000c8e7200000,0x000000c8e7300000) (1024K)]
  0x000001f58f7bd5e0 JavaThread "Monitor Deflation Thread"   daemon [_thread_blocked, id=23432, stack(0x000000c8e7300000,0x000000c8e7400000) (1024K)]
  0x000001f58f7c5c50 JavaThread "C1 CompilerThread0"         daemon [_thread_blocked, id=8624, stack(0x000000c8e7400000,0x000000c8e7500000) (1024K)]
  0x000001f5ffa5c830 JavaThread "C1 CompilerThread1"         daemon [_thread_blocked, id=4152, stack(0x000000c8e7500000,0x000000c8e7600000) (1024K)]
  0x000001f58f90a250 JavaThread "Common-Cleaner"             daemon [_thread_blocked, id=12984, stack(0x000000c8e7600000,0x000000c8e7700000) (1024K)]
  0x000001f5d522e730 JavaThread "Monitor Ctrl-Break"         daemon [_thread_in_native, id=15496, stack(0x000000c8e7700000,0x000000c8e7800000) (1024K)]
  0x000001f5d522f270 JavaThread "Notification Thread"        daemon [_thread_blocked, id=1744, stack(0x000000c8e7800000,0x000000c8e7900000) (1024K)]
  0x000001f5d52440e0 JavaThread "C1 CompilerThread2"         daemon [_thread_blocked, id=15284, stack(0x000000c8e7900000,0x000000c8e7a00000) (1024K)]
  0x000001f5d5244780 JavaThread "C1 CompilerThread3"         daemon [_thread_blocked, id=16704, stack(0x000000c8e7a00000,0x000000c8e7b00000) (1024K)]
  0x000001f5d5479db0 JavaThread "RMI TCP Accept-0"           daemon [_thread_in_native, id=8236, stack(0x000000c8e7b00000,0x000000c8e7c00000) (1024K)]
  0x000001f5d5499ee0 JavaThread "RMI TCP Connection(1)-192.168.1.224" daemon [_thread_in_native, id=23964, stack(0x000000c8e7c00000,0x000000c8e7d00000) (1024K)]
  0x000001f5d54c42e0 JavaThread "RMI Scheduler(0)"           daemon [_thread_blocked, id=21864, stack(0x000000c8e7d00000,0x000000c8e7e00000) (1024K)]
  0x000001f5d54eece0 JavaThread "JMX server connection timeout 26" daemon [_thread_blocked, id=12760, stack(0x000000c8e7e00000,0x000000c8e7f00000) (1024K)]
  0x000001f5d564bdd0 JavaThread "background-preinit"                [_thread_blocked, id=11112, stack(0x000000c8e8600000,0x000000c8e8700000) (1024K)]
Total: 19

Other Threads:
  0x000001f5ffa69660 VMThread "VM Thread"                           [id=12356, stack(0x000000c8e6d00000,0x000000c8e6e00000) (1024K)] _threads_hazard_ptr=0x000001f5d5dafe90
  0x000001f5ffa5bd30 WatcherThread "VM Periodic Task Thread"        [id=22988, stack(0x000000c8e6c00000,0x000000c8e6d00000) (1024K)]
  0x000001f5feda2860 WorkerThread "GC Thread#0"                     [id=18052, stack(0x000000c8e6700000,0x000000c8e6800000) (1024K)]
  0x000001f5d55a8aa0 WorkerThread "GC Thread#1"                     [id=22028, stack(0x000000c8e7f00000,0x000000c8e8000000) (1024K)]
  0x000001f5d5554c50 WorkerThread "GC Thread#2"                     [id=24152, stack(0x000000c8e8000000,0x000000c8e8100000) (1024K)]
  0x000001f5d55fa960 WorkerThread "GC Thread#3"                     [id=9864, stack(0x000000c8e8100000,0x000000c8e8200000) (1024K)]
  0x000001f5d55fad00 WorkerThread "GC Thread#4"                     [id=20876, stack(0x000000c8e8200000,0x000000c8e8300000) (1024K)]
  0x000001f5d55fb0a0 WorkerThread "GC Thread#5"                     [id=16524, stack(0x000000c8e8300000,0x000000c8e8400000) (1024K)]
  0x000001f5d55fb440 WorkerThread "GC Thread#6"                     [id=5804, stack(0x000000c8e8400000,0x000000c8e8500000) (1024K)]
  0x000001f5d55fb7e0 WorkerThread "GC Thread#7"                     [id=13936, stack(0x000000c8e8500000,0x000000c8e8600000) (1024K)]
  0x000001f5fedf2010 ConcurrentGCThread "G1 Main Marker"            [id=23264, stack(0x000000c8e6800000,0x000000c8e6900000) (1024K)]
  0x000001f5fedf2a20 WorkerThread "G1 Conc#0"                       [id=23424, stack(0x000000c8e6900000,0x000000c8e6a00000) (1024K)]
  0x000001f5ff92c950 ConcurrentGCThread "G1 Refine#0"               [id=21672, stack(0x000000c8e6a00000,0x000000c8e6b00000) (1024K)]
  0x000001f5ff92fea0 ConcurrentGCThread "G1 Service"                [id=21300, stack(0x000000c8e6b00000,0x000000c8e6c00000) (1024K)]
Total: 14

Threads with active compile tasks:
Total: 0

VM state: synchronizing (normal execution)

VM Mutex/Monitor currently owned by a thread:  ([mutex/lock_event])
[0x00007ffcb0d0b8b0] Threads_lock - owner thread: 0x000001f5ffa69660

Heap address: 0x0000000083600000, size: 1994 MB, Compressed Oops mode: 32-bit

CDS archive(s) mapped at: [0x000001f590000000-0x000001f590c80000-0x000001f590c80000), size 13107200, SharedBaseAddress: 0x000001f590000000, ArchiveRelocationMode: 1.
Compressed class space mapped at: 0x000001f591000000-0x000001f5d1000000, reserved size: 1073741824
Narrow klass base: 0x000001f590000000, Narrow klass shift: 0, Narrow klass range: 0x100000000

GC Precious Log:
 CardTable entry size: 512
 Card Set container configuration: InlinePtr #cards 5 size 8 Array Of Cards #cards 12 size 40 Howl #buckets 4 coarsen threshold 1843 Howl Bitmap #cards 512 size 80 coarsen threshold 460 Card regions per heap region 1 cards per card region 2048
 CPUs: 8 total, 8 available
 Memory: 7975M
 Large Page Support: Disabled
 NUMA Support: Disabled
 Compressed Oops: Enabled (32-bit)
 Heap Region Size: 1M
 Heap Min Capacity: 8M
 Heap Initial Capacity: 126M
 Heap Max Capacity: 1994M
 Pre-touch: Disabled
 Parallel Workers: 8
 Concurrent Workers: 2
 Concurrent Refinement Workers: 8
 Periodic GC: Disabled

Heap:
 garbage-first heap   total 129024K, used 42106K [0x0000000083600000, 0x0000000100000000)
  region size 1024K, 35 young (35840K), 3 survivors (3072K)
 Metaspace       used 20623K, committed 21120K, reserved 1114112K
  class space    used 2778K, committed 2944K, reserved 1048576K

Heap Regions: E=young(eden), S=young(survivor), O=old, HS=humongous(starts), HC=humongous(continues), CS=collection set, F=free, TAMS=top-at-mark-start, PB=parsable bottom
|   0|0x0000000083600000, 0x0000000083700000, 0x0000000083700000|100%|HS|  |TAMS 0x0000000083600000| PB 0x0000000083600000| Complete 
|   1|0x0000000083700000, 0x0000000083800000, 0x0000000083800000|100%|HS|  |TAMS 0x0000000083700000| PB 0x0000000083700000| Complete 
|   2|0x0000000083800000, 0x0000000083900000, 0x0000000083900000|100%| O|  |TAMS 0x0000000083800000| PB 0x0000000083800000| Untracked 
|   3|0x0000000083900000, 0x0000000083a00000, 0x0000000083a00000|100%| O|  |TAMS 0x0000000083900000| PB 0x0000000083900000| Untracked 
|   4|0x0000000083a00000, 0x0000000083b00000, 0x0000000083b00000|100%| O|  |TAMS 0x0000000083a00000| PB 0x0000000083a00000| Untracked 
|   5|0x0000000083b00000, 0x0000000083c00000, 0x0000000083c00000|100%| O|  |TAMS 0x0000000083b00000| PB 0x0000000083b00000| Untracked 
|   6|0x0000000083c00000, 0x0000000083d00000, 0x0000000083d00000|100%| O|  |TAMS 0x0000000083c00000| PB 0x0000000083c00000| Untracked 
|   7|0x0000000083d00000, 0x0000000083e00000, 0x0000000083e00000|100%| O|  |TAMS 0x0000000083d00000| PB 0x0000000083d00000| Untracked 
|   8|0x0000000083e00000, 0x0000000083ec5e78, 0x0000000083f00000| 77%| O|  |TAMS 0x0000000083e00000| PB 0x0000000083e00000| Untracked 
|   9|0x0000000083f00000, 0x0000000083f00000, 0x0000000084000000|  0%| F|  |TAMS 0x0000000083f00000| PB 0x0000000083f00000| Untracked 
|  10|0x0000000084000000, 0x0000000084000000, 0x0000000084100000|  0%| F|  |TAMS 0x0000000084000000| PB 0x0000000084000000| Untracked 
|  11|0x0000000084100000, 0x0000000084100000, 0x0000000084200000|  0%| F|  |TAMS 0x0000000084100000| PB 0x0000000084100000| Untracked 
|  12|0x0000000084200000, 0x0000000084200000, 0x0000000084300000|  0%| F|  |TAMS 0x0000000084200000| PB 0x0000000084200000| Untracked 
|  13|0x0000000084300000, 0x0000000084300000, 0x0000000084400000|  0%| F|  |TAMS 0x0000000084300000| PB 0x0000000084300000| Untracked 
|  14|0x0000000084400000, 0x0000000084400000, 0x0000000084500000|  0%| F|  |TAMS 0x0000000084400000| PB 0x0000000084400000| Untracked 
|  15|0x0000000084500000, 0x0000000084500000, 0x0000000084600000|  0%| F|  |TAMS 0x0000000084500000| PB 0x0000000084500000| Untracked 
|  16|0x0000000084600000, 0x0000000084600000, 0x0000000084700000|  0%| F|  |TAMS 0x0000000084600000| PB 0x0000000084600000| Untracked 
|  17|0x0000000084700000, 0x0000000084700000, 0x0000000084800000|  0%| F|  |TAMS 0x0000000084700000| PB 0x0000000084700000| Untracked 
|  18|0x0000000084800000, 0x0000000084800000, 0x0000000084900000|  0%| F|  |TAMS 0x0000000084800000| PB 0x0000000084800000| Untracked 
|  19|0x0000000084900000, 0x0000000084900000, 0x0000000084a00000|  0%| F|  |TAMS 0x0000000084900000| PB 0x0000000084900000| Untracked 
|  20|0x0000000084a00000, 0x0000000084a00000, 0x0000000084b00000|  0%| F|  |TAMS 0x0000000084a00000| PB 0x0000000084a00000| Untracked 
|  21|0x0000000084b00000, 0x0000000084b00000, 0x0000000084c00000|  0%| F|  |TAMS 0x0000000084b00000| PB 0x0000000084b00000| Untracked 
|  22|0x0000000084c00000, 0x0000000084c00000, 0x0000000084d00000|  0%| F|  |TAMS 0x0000000084c00000| PB 0x0000000084c00000| Untracked 
|  23|0x0000000084d00000, 0x0000000084d00000, 0x0000000084e00000|  0%| F|  |TAMS 0x0000000084d00000| PB 0x0000000084d00000| Untracked 
|  24|0x0000000084e00000, 0x0000000084e00000, 0x0000000084f00000|  0%| F|  |TAMS 0x0000000084e00000| PB 0x0000000084e00000| Untracked 
|  25|0x0000000084f00000, 0x0000000084f00000, 0x0000000085000000|  0%| F|  |TAMS 0x0000000084f00000| PB 0x0000000084f00000| Untracked 
|  26|0x0000000085000000, 0x0000000085000000, 0x0000000085100000|  0%| F|  |TAMS 0x0000000085000000| PB 0x0000000085000000| Untracked 
|  27|0x0000000085100000, 0x0000000085100000, 0x0000000085200000|  0%| F|  |TAMS 0x0000000085100000| PB 0x0000000085100000| Untracked 
|  28|0x0000000085200000, 0x0000000085200000, 0x0000000085300000|  0%| F|  |TAMS 0x0000000085200000| PB 0x0000000085200000| Untracked 
|  29|0x0000000085300000, 0x0000000085300000, 0x0000000085400000|  0%| F|  |TAMS 0x0000000085300000| PB 0x0000000085300000| Untracked 
|  30|0x0000000085400000, 0x0000000085400000, 0x0000000085500000|  0%| F|  |TAMS 0x0000000085400000| PB 0x0000000085400000| Untracked 
|  31|0x0000000085500000, 0x0000000085500000, 0x0000000085600000|  0%| F|  |TAMS 0x0000000085500000| PB 0x0000000085500000| Untracked 
|  32|0x0000000085600000, 0x0000000085600000, 0x0000000085700000|  0%| F|  |TAMS 0x0000000085600000| PB 0x0000000085600000| Untracked 
|  33|0x0000000085700000, 0x0000000085700000, 0x0000000085800000|  0%| F|  |TAMS 0x0000000085700000| PB 0x0000000085700000| Untracked 
|  34|0x0000000085800000, 0x0000000085800000, 0x0000000085900000|  0%| F|  |TAMS 0x0000000085800000| PB 0x0000000085800000| Untracked 
|  35|0x0000000085900000, 0x0000000085900000, 0x0000000085a00000|  0%| F|  |TAMS 0x0000000085900000| PB 0x0000000085900000| Untracked 
|  36|0x0000000085a00000, 0x0000000085a00000, 0x0000000085b00000|  0%| F|  |TAMS 0x0000000085a00000| PB 0x0000000085a00000| Untracked 
|  37|0x0000000085b00000, 0x0000000085b00000, 0x0000000085c00000|  0%| F|  |TAMS 0x0000000085b00000| PB 0x0000000085b00000| Untracked 
|  38|0x0000000085c00000, 0x0000000085c00000, 0x0000000085d00000|  0%| F|  |TAMS 0x0000000085c00000| PB 0x0000000085c00000| Untracked 
|  39|0x0000000085d00000, 0x0000000085d00000, 0x0000000085e00000|  0%| F|  |TAMS 0x0000000085d00000| PB 0x0000000085d00000| Untracked 
|  40|0x0000000085e00000, 0x0000000085e00000, 0x0000000085f00000|  0%| F|  |TAMS 0x0000000085e00000| PB 0x0000000085e00000| Untracked 
|  41|0x0000000085f00000, 0x0000000085f00000, 0x0000000086000000|  0%| F|  |TAMS 0x0000000085f00000| PB 0x0000000085f00000| Untracked 
|  42|0x0000000086000000, 0x0000000086000000, 0x0000000086100000|  0%| F|  |TAMS 0x0000000086000000| PB 0x0000000086000000| Untracked 
|  43|0x0000000086100000, 0x0000000086100000, 0x0000000086200000|  0%| F|  |TAMS 0x0000000086100000| PB 0x0000000086100000| Untracked 
|  44|0x0000000086200000, 0x0000000086200000, 0x0000000086300000|  0%| F|  |TAMS 0x0000000086200000| PB 0x0000000086200000| Untracked 
|  45|0x0000000086300000, 0x0000000086300000, 0x0000000086400000|  0%| F|  |TAMS 0x0000000086300000| PB 0x0000000086300000| Untracked 
|  46|0x0000000086400000, 0x0000000086400000, 0x0000000086500000|  0%| F|  |TAMS 0x0000000086400000| PB 0x0000000086400000| Untracked 
|  47|0x0000000086500000, 0x0000000086500000, 0x0000000086600000|  0%| F|  |TAMS 0x0000000086500000| PB 0x0000000086500000| Untracked 
|  48|0x0000000086600000, 0x0000000086600000, 0x0000000086700000|  0%| F|  |TAMS 0x0000000086600000| PB 0x0000000086600000| Untracked 
|  49|0x0000000086700000, 0x0000000086700000, 0x0000000086800000|  0%| F|  |TAMS 0x0000000086700000| PB 0x0000000086700000| Untracked 
|  50|0x0000000086800000, 0x0000000086800000, 0x0000000086900000|  0%| F|  |TAMS 0x0000000086800000| PB 0x0000000086800000| Untracked 
|  51|0x0000000086900000, 0x0000000086900000, 0x0000000086a00000|  0%| F|  |TAMS 0x0000000086900000| PB 0x0000000086900000| Untracked 
|  52|0x0000000086a00000, 0x0000000086a00000, 0x0000000086b00000|  0%| F|  |TAMS 0x0000000086a00000| PB 0x0000000086a00000| Untracked 
|  53|0x0000000086b00000, 0x0000000086b00000, 0x0000000086c00000|  0%| F|  |TAMS 0x0000000086b00000| PB 0x0000000086b00000| Untracked 
|  54|0x0000000086c00000, 0x0000000086c00000, 0x0000000086d00000|  0%| F|  |TAMS 0x0000000086c00000| PB 0x0000000086c00000| Untracked 
|  55|0x0000000086d00000, 0x0000000086d00000, 0x0000000086e00000|  0%| F|  |TAMS 0x0000000086d00000| PB 0x0000000086d00000| Untracked 
|  56|0x0000000086e00000, 0x0000000086e00000, 0x0000000086f00000|  0%| F|  |TAMS 0x0000000086e00000| PB 0x0000000086e00000| Untracked 
|  57|0x0000000086f00000, 0x0000000086f00000, 0x0000000087000000|  0%| F|  |TAMS 0x0000000086f00000| PB 0x0000000086f00000| Untracked 
|  58|0x0000000087000000, 0x0000000087000000, 0x0000000087100000|  0%| F|  |TAMS 0x0000000087000000| PB 0x0000000087000000| Untracked 
|  59|0x0000000087100000, 0x0000000087100000, 0x0000000087200000|  0%| F|  |TAMS 0x0000000087100000| PB 0x0000000087100000| Untracked 
|  60|0x0000000087200000, 0x0000000087200000, 0x0000000087300000|  0%| F|  |TAMS 0x0000000087200000| PB 0x0000000087200000| Untracked 
|  61|0x0000000087300000, 0x0000000087300000, 0x0000000087400000|  0%| F|  |TAMS 0x0000000087300000| PB 0x0000000087300000| Untracked 
|  62|0x0000000087400000, 0x0000000087400000, 0x0000000087500000|  0%| F|  |TAMS 0x0000000087400000| PB 0x0000000087400000| Untracked 
|  63|0x0000000087500000, 0x0000000087500000, 0x0000000087600000|  0%| F|  |TAMS 0x0000000087500000| PB 0x0000000087500000| Untracked 
|  64|0x0000000087600000, 0x0000000087600000, 0x0000000087700000|  0%| F|  |TAMS 0x0000000087600000| PB 0x0000000087600000| Untracked 
|  65|0x0000000087700000, 0x0000000087700000, 0x0000000087800000|  0%| F|  |TAMS 0x0000000087700000| PB 0x0000000087700000| Untracked 
|  66|0x0000000087800000, 0x0000000087800000, 0x0000000087900000|  0%| F|  |TAMS 0x0000000087800000| PB 0x0000000087800000| Untracked 
|  67|0x0000000087900000, 0x0000000087900000, 0x0000000087a00000|  0%| F|  |TAMS 0x0000000087900000| PB 0x0000000087900000| Untracked 
|  68|0x0000000087a00000, 0x0000000087a00000, 0x0000000087b00000|  0%| F|  |TAMS 0x0000000087a00000| PB 0x0000000087a00000| Untracked 
|  69|0x0000000087b00000, 0x0000000087b00000, 0x0000000087c00000|  0%| F|  |TAMS 0x0000000087b00000| PB 0x0000000087b00000| Untracked 
|  70|0x0000000087c00000, 0x0000000087c00000, 0x0000000087d00000|  0%| F|  |TAMS 0x0000000087c00000| PB 0x0000000087c00000| Untracked 
|  71|0x0000000087d00000, 0x0000000087d00000, 0x0000000087e00000|  0%| F|  |TAMS 0x0000000087d00000| PB 0x0000000087d00000| Untracked 
|  72|0x0000000087e00000, 0x0000000087e00000, 0x0000000087f00000|  0%| F|  |TAMS 0x0000000087e00000| PB 0x0000000087e00000| Untracked 
|  73|0x0000000087f00000, 0x0000000087f00000, 0x0000000088000000|  0%| F|  |TAMS 0x0000000087f00000| PB 0x0000000087f00000| Untracked 
|  74|0x0000000088000000, 0x0000000088000000, 0x0000000088100000|  0%| F|  |TAMS 0x0000000088000000| PB 0x0000000088000000| Untracked 
|  75|0x0000000088100000, 0x0000000088100000, 0x0000000088200000|  0%| F|  |TAMS 0x0000000088100000| PB 0x0000000088100000| Untracked 
|  76|0x0000000088200000, 0x0000000088200000, 0x0000000088300000|  0%| F|  |TAMS 0x0000000088200000| PB 0x0000000088200000| Untracked 
|  77|0x0000000088300000, 0x0000000088300000, 0x0000000088400000|  0%| F|  |TAMS 0x0000000088300000| PB 0x0000000088300000| Untracked 
|  78|0x0000000088400000, 0x0000000088400000, 0x0000000088500000|  0%| F|  |TAMS 0x0000000088400000| PB 0x0000000088400000| Untracked 
|  79|0x0000000088500000, 0x0000000088500000, 0x0000000088600000|  0%| F|  |TAMS 0x0000000088500000| PB 0x0000000088500000| Untracked 
|  80|0x0000000088600000, 0x0000000088600000, 0x0000000088700000|  0%| F|  |TAMS 0x0000000088600000| PB 0x0000000088600000| Untracked 
|  81|0x0000000088700000, 0x0000000088700000, 0x0000000088800000|  0%| F|  |TAMS 0x0000000088700000| PB 0x0000000088700000| Untracked 
|  82|0x0000000088800000, 0x0000000088800000, 0x0000000088900000|  0%| F|  |TAMS 0x0000000088800000| PB 0x0000000088800000| Untracked 
|  83|0x0000000088900000, 0x0000000088900000, 0x0000000088a00000|  0%| F|  |TAMS 0x0000000088900000| PB 0x0000000088900000| Untracked 
|  84|0x0000000088a00000, 0x0000000088a00000, 0x0000000088b00000|  0%| F|  |TAMS 0x0000000088a00000| PB 0x0000000088a00000| Untracked 
|  85|0x0000000088b00000, 0x0000000088b00000, 0x0000000088c00000|  0%| F|  |TAMS 0x0000000088b00000| PB 0x0000000088b00000| Untracked 
|  86|0x0000000088c00000, 0x0000000088c00000, 0x0000000088d00000|  0%| F|  |TAMS 0x0000000088c00000| PB 0x0000000088c00000| Untracked 
|  87|0x0000000088d00000, 0x0000000088d00000, 0x0000000088e00000|  0%| F|  |TAMS 0x0000000088d00000| PB 0x0000000088d00000| Untracked 
|  88|0x0000000088e00000, 0x0000000088e00000, 0x0000000088f00000|  0%| F|  |TAMS 0x0000000088e00000| PB 0x0000000088e00000| Untracked 
|  89|0x0000000088f00000, 0x0000000088f00000, 0x0000000089000000|  0%| F|  |TAMS 0x0000000088f00000| PB 0x0000000088f00000| Untracked 
|  90|0x0000000089000000, 0x0000000089000000, 0x0000000089100000|  0%| F|  |TAMS 0x0000000089000000| PB 0x0000000089000000| Untracked 
|  91|0x0000000089100000, 0x000000008914a820, 0x0000000089200000| 29%| E|  |TAMS 0x0000000089100000| PB 0x0000000089100000| Complete 
|  92|0x0000000089200000, 0x0000000089300000, 0x0000000089300000|100%| E|  |TAMS 0x0000000089200000| PB 0x0000000089200000| Complete 
|  93|0x0000000089300000, 0x0000000089358cc0, 0x0000000089400000| 34%| S|CS|TAMS 0x0000000089300000| PB 0x0000000089300000| Complete 
|  94|0x0000000089400000, 0x0000000089500000, 0x0000000089500000|100%| S|CS|TAMS 0x0000000089400000| PB 0x0000000089400000| Complete 
|  95|0x0000000089500000, 0x0000000089600000, 0x0000000089600000|100%| S|CS|TAMS 0x0000000089500000| PB 0x0000000089500000| Complete 
|  96|0x0000000089600000, 0x0000000089700000, 0x0000000089700000|100%| E|CS|TAMS 0x0000000089600000| PB 0x0000000089600000| Complete 
|  97|0x0000000089700000, 0x0000000089800000, 0x0000000089800000|100%| E|CS|TAMS 0x0000000089700000| PB 0x0000000089700000| Complete 
|  98|0x0000000089800000, 0x0000000089900000, 0x0000000089900000|100%| E|CS|TAMS 0x0000000089800000| PB 0x0000000089800000| Complete 
|  99|0x0000000089900000, 0x0000000089a00000, 0x0000000089a00000|100%| E|CS|TAMS 0x0000000089900000| PB 0x0000000089900000| Complete 
| 100|0x0000000089a00000, 0x0000000089b00000, 0x0000000089b00000|100%| E|CS|TAMS 0x0000000089a00000| PB 0x0000000089a00000| Complete 
| 101|0x0000000089b00000, 0x0000000089c00000, 0x0000000089c00000|100%| E|CS|TAMS 0x0000000089b00000| PB 0x0000000089b00000| Complete 
| 102|0x0000000089c00000, 0x0000000089d00000, 0x0000000089d00000|100%| E|CS|TAMS 0x0000000089c00000| PB 0x0000000089c00000| Complete 
| 103|0x0000000089d00000, 0x0000000089e00000, 0x0000000089e00000|100%| E|CS|TAMS 0x0000000089d00000| PB 0x0000000089d00000| Complete 
| 104|0x0000000089e00000, 0x0000000089f00000, 0x0000000089f00000|100%| E|CS|TAMS 0x0000000089e00000| PB 0x0000000089e00000| Complete 
| 105|0x0000000089f00000, 0x000000008a000000, 0x000000008a000000|100%| E|CS|TAMS 0x0000000089f00000| PB 0x0000000089f00000| Complete 
| 106|0x000000008a000000, 0x000000008a100000, 0x000000008a100000|100%| E|CS|TAMS 0x000000008a000000| PB 0x000000008a000000| Complete 
| 107|0x000000008a100000, 0x000000008a200000, 0x000000008a200000|100%| E|CS|TAMS 0x000000008a100000| PB 0x000000008a100000| Complete 
| 108|0x000000008a200000, 0x000000008a300000, 0x000000008a300000|100%| E|CS|TAMS 0x000000008a200000| PB 0x000000008a200000| Complete 
| 109|0x000000008a300000, 0x000000008a400000, 0x000000008a400000|100%| E|CS|TAMS 0x000000008a300000| PB 0x000000008a300000| Complete 
| 110|0x000000008a400000, 0x000000008a500000, 0x000000008a500000|100%| E|CS|TAMS 0x000000008a400000| PB 0x000000008a400000| Complete 
| 111|0x000000008a500000, 0x000000008a600000, 0x000000008a600000|100%| E|CS|TAMS 0x000000008a500000| PB 0x000000008a500000| Complete 
| 112|0x000000008a600000, 0x000000008a700000, 0x000000008a700000|100%| E|CS|TAMS 0x000000008a600000| PB 0x000000008a600000| Complete 
| 113|0x000000008a700000, 0x000000008a800000, 0x000000008a800000|100%| E|CS|TAMS 0x000000008a700000| PB 0x000000008a700000| Complete 
| 114|0x000000008a800000, 0x000000008a900000, 0x000000008a900000|100%| E|CS|TAMS 0x000000008a800000| PB 0x000000008a800000| Complete 
| 115|0x000000008a900000, 0x000000008aa00000, 0x000000008aa00000|100%| E|CS|TAMS 0x000000008a900000| PB 0x000000008a900000| Complete 
| 116|0x000000008aa00000, 0x000000008ab00000, 0x000000008ab00000|100%| E|CS|TAMS 0x000000008aa00000| PB 0x000000008aa00000| Complete 
| 117|0x000000008ab00000, 0x000000008ac00000, 0x000000008ac00000|100%| E|CS|TAMS 0x000000008ab00000| PB 0x000000008ab00000| Complete 
| 118|0x000000008ac00000, 0x000000008ad00000, 0x000000008ad00000|100%| E|CS|TAMS 0x000000008ac00000| PB 0x000000008ac00000| Complete 
| 119|0x000000008ad00000, 0x000000008ae00000, 0x000000008ae00000|100%| E|CS|TAMS 0x000000008ad00000| PB 0x000000008ad00000| Complete 
| 120|0x000000008ae00000, 0x000000008af00000, 0x000000008af00000|100%| E|CS|TAMS 0x000000008ae00000| PB 0x000000008ae00000| Complete 
| 121|0x000000008af00000, 0x000000008b000000, 0x000000008b000000|100%| E|CS|TAMS 0x000000008af00000| PB 0x000000008af00000| Complete 
| 122|0x000000008b000000, 0x000000008b100000, 0x000000008b100000|100%| E|CS|TAMS 0x000000008b000000| PB 0x000000008b000000| Complete 
| 123|0x000000008b100000, 0x000000008b200000, 0x000000008b200000|100%| E|CS|TAMS 0x000000008b100000| PB 0x000000008b100000| Complete 
| 124|0x000000008b200000, 0x000000008b300000, 0x000000008b300000|100%| E|CS|TAMS 0x000000008b200000| PB 0x000000008b200000| Complete 
| 125|0x000000008b300000, 0x000000008b400000, 0x000000008b400000|100%| E|CS|TAMS 0x000000008b300000| PB 0x000000008b300000| Complete 

Card table byte_map: [0x000001f5ff300000,0x000001f5ff6f0000] _byte_map_base: 0x000001f5feee5000

Marking Bits: (CMBitMap*) 0x000001f5feda2e70
 Bits: [0x000001f58b650000, 0x000001f58d578000)

Polling page: 0x000001f5fcbe0000

Metaspace:

Usage:
  Non-class:     17.43 MB used.
      Class:      2.71 MB used.
       Both:     20.14 MB used.

Virtual space:
  Non-class space:       64.00 MB reserved,      17.75 MB ( 28%) committed,  1 nodes.
      Class space:        1.00 GB reserved,       2.88 MB ( <1%) committed,  1 nodes.
             Both:        1.06 GB reserved,      20.62 MB (  2%) committed. 

Chunk freelists:
   Non-Class:  14.11 MB
       Class:  13.06 MB
        Both:  27.17 MB

MaxMetaspaceSize: unlimited
CompressedClassSpaceSize: 1.00 GB
Initial GC threshold: 21.00 MB
Current GC threshold: 21.00 MB
CDS: on
 - commit_granule_bytes: 65536.
 - commit_granule_words: 8192.
 - virtual_space_node_default_size: 8388608.
 - enlarge_chunks_in_place: 1.
 - use_allocation_guard: 0.


Internal statistics:

num_allocs_failed_limit: 0.
num_arena_births: 602.
num_arena_deaths: 0.
num_vsnodes_births: 2.
num_vsnodes_deaths: 0.
num_space_committed: 330.
num_space_uncommitted: 0.
num_chunks_returned_to_freelist: 0.
num_chunks_taken_from_freelist: 1276.
num_chunk_merges: 0.
num_chunk_splits: 832.
num_chunks_enlarged: 537.
num_inconsistent_stats: 0.

CodeCache: size=49152Kb used=7096Kb max_used=7096Kb free=42056Kb
 bounds [0x000001f588650000, 0x000001f588d40000, 0x000001f58b650000]
 total_blobs=3266, nmethods=2732, adapters=455, full_count=0
Compilation: enabled, stopped_count=0, restarted_count=0

Compilation events (20 events):
Event: 1.489 Thread 0x000001f5d5244780 2723   !   1       sun.net.www.ParseUtil::decode (349 bytes)
Event: 1.489 Thread 0x000001f5ffa5c830 2725       1       org.springframework.asm.Type::getClassName (172 bytes)
Event: 1.489 Thread 0x000001f58f7c5c50 2724       1       org.springframework.asm.Type::getTypeInternal (205 bytes)
Event: 1.489 Thread 0x000001f58f7c5c50 nmethod 2724 0x000001f588d37c10 code [0x000001f588d37e60, 0x000001f588d38610]
Event: 1.489 Thread 0x000001f58f7c5c50 2726       1       org.springframework.core.annotation.AbstractMergedAnnotation::<init> (5 bytes)
Event: 1.489 Thread 0x000001f58f7c5c50 nmethod 2726 0x000001f588d38890 code [0x000001f588d38a20, 0x000001f588d38ae8]
Event: 1.490 Thread 0x000001f58f7c5c50 2727       1       java.net.URLConnection::getUseCaches (5 bytes)
Event: 1.490 Thread 0x000001f5ffa5c830 nmethod 2725 0x000001f588d38b90 code [0x000001f588d38e40, 0x000001f588d39700]
Event: 1.490 Thread 0x000001f58f7c5c50 nmethod 2727 0x000001f588d39c10 code [0x000001f588d39da0, 0x000001f588d39e70]
Event: 1.490 Thread 0x000001f5d52440e0 2728       1       java.util.ArrayDeque::<init> (14 bytes)
Event: 1.490 Thread 0x000001f5d52440e0 nmethod 2728 0x000001f588d39f10 code [0x000001f588d3a0a0, 0x000001f588d3a250]
Event: 1.490 Thread 0x000001f58f7c5c50 2729       1       org.springframework.core.annotation.TypeMappedAnnotation::<init> (15 bytes)
Event: 1.490 Thread 0x000001f5d52440e0 2730       1       org.springframework.core.annotation.TypeMappedAnnotation::<init> (112 bytes)
Event: 1.491 Thread 0x000001f5d5244780 nmethod 2723 0x000001f588d3a310 code [0x000001f588d3a720, 0x000001f588d3bd18]
Event: 1.491 Thread 0x000001f58f7c5c50 nmethod 2729 0x000001f588d3cd10 code [0x000001f588d3cec0, 0x000001f588d3cfb0]
Event: 1.491 Thread 0x000001f5ffa5c830 2731       1       org.springframework.core.type.classreading.SimpleAnnotationMetadata::getClassName (5 bytes)
Event: 1.491 Thread 0x000001f5ffa5c830 nmethod 2731 0x000001f588d3d090 code [0x000001f588d3d220, 0x000001f588d3d2e8]
Event: 1.491 Thread 0x000001f5d52440e0 nmethod 2730 0x000001f588d3d390 code [0x000001f588d3d580, 0x000001f588d3dac0]
Event: 2.193 Thread 0x000001f5d5244780 2732       1       java.lang.ClassValue$ClassValueMap::getCache (5 bytes)
Event: 2.193 Thread 0x000001f5d5244780 nmethod 2732 0x000001f588d3dd10 code [0x000001f588d3dea0, 0x000001f588d3df68]

GC Heap History (4 events):
Event: 0.659 GC heap before
{Heap before GC invocations=0 (full 0):
 garbage-first heap   total 129024K, used 24576K [0x0000000083600000, 0x0000000100000000)
  region size 1024K, 23 young (23552K), 0 survivors (0K)
 Metaspace       used 7156K, committed 7360K, reserved 1114112K
  class space    used 870K, committed 960K, reserved 1048576K
}
Event: 0.667 GC heap after
{Heap after GC invocations=1 (full 0):
 garbage-first heap   total 129024K, used 8746K [0x0000000083600000, 0x0000000100000000)
  region size 1024K, 3 young (3072K), 3 survivors (3072K)
 Metaspace       used 7156K, committed 7360K, reserved 1114112K
  class space    used 870K, committed 960K, reserved 1048576K
}
Event: 1.282 GC heap before
{Heap before GC invocations=1 (full 0):
 garbage-first heap   total 129024K, used 35370K [0x0000000083600000, 0x0000000100000000)
  region size 1024K, 30 young (30720K), 3 survivors (3072K)
 Metaspace       used 13526K, committed 13952K, reserved 1114112K
  class space    used 1856K, committed 2048K, reserved 1048576K
}
Event: 1.288 GC heap after
{Heap after GC invocations=2 (full 0):
 garbage-first heap   total 129024K, used 11386K [0x0000000083600000, 0x0000000100000000)
  region size 1024K, 3 young (3072K), 3 survivors (3072K)
 Metaspace       used 13526K, committed 13952K, reserved 1114112K
  class space    used 1856K, committed 2048K, reserved 1048576K
}

Dll operation events (11 events):
Event: 0.010 Loaded shared library C:\Users\cioba\.jdks\ms-21.0.9-1\bin\java.dll
Event: 0.126 Loaded shared library C:\Users\cioba\.jdks\ms-21.0.9-1\bin\zip.dll
Event: 0.129 Loaded shared library C:\Users\cioba\.jdks\ms-21.0.9-1\bin\instrument.dll
Event: 0.134 Loaded shared library C:\Users\cioba\.jdks\ms-21.0.9-1\bin\net.dll
Event: 0.135 Loaded shared library C:\Users\cioba\.jdks\ms-21.0.9-1\bin\nio.dll
Event: 0.138 Loaded shared library C:\Users\cioba\.jdks\ms-21.0.9-1\bin\zip.dll
Event: 0.240 Loaded shared library C:\Users\cioba\.jdks\ms-21.0.9-1\bin\jimage.dll
Event: 0.247 Loaded shared library C:\Users\cioba\.jdks\ms-21.0.9-1\bin\extnet.dll
Event: 0.265 Loaded shared library C:\Users\cioba\.jdks\ms-21.0.9-1\bin\management.dll
Event: 0.279 Loaded shared library C:\Users\cioba\.jdks\ms-21.0.9-1\bin\management_ext.dll
Event: 1.467 Loaded shared library C:\Users\cioba\.jdks\ms-21.0.9-1\bin\sunmscapi.dll

Deoptimization events (0 events):
No events

Classes loaded (20 events):
Event: 1.464 Loading class java/security/PrivilegedActionException
Event: 1.465 Loading class java/security/PrivilegedActionException done
Event: 1.465 Loading class javax/security/auth/login/FailedLoginException
Event: 1.465 Loading class javax/security/auth/login/FailedLoginException done
Event: 1.465 Loading class javax/security/auth/callback/CallbackHandler
Event: 1.465 Loading class javax/security/auth/callback/CallbackHandler done
Event: 1.468 Loading class sun/security/provider/certpath/ldap/JdkLDAP
Event: 1.468 Loading class sun/security/provider/certpath/ldap/JdkLDAP done
Event: 1.469 Loading class sun/security/provider/certpath/ldap/JdkLDAP$ProviderService
Event: 1.469 Loading class sun/security/provider/certpath/ldap/JdkLDAP$ProviderService done
Event: 1.469 Loading class com/sun/security/sasl/Provider
Event: 1.469 Loading class com/sun/security/sasl/Provider done
Event: 1.469 Loading class com/sun/security/sasl/Provider$1
Event: 1.469 Loading class com/sun/security/sasl/Provider$1 done
Event: 1.469 Loading class com/sun/security/sasl/Provider$ProviderService
Event: 1.469 Loading class com/sun/security/sasl/Provider$ProviderService done
Event: 1.490 Loading class javax/xml/transform/Result
Event: 1.490 Loading class javax/xml/transform/Result done
Event: 1.490 Loading class javax/xml/transform/Source
Event: 1.490 Loading class javax/xml/transform/Source done

Classes unloaded (0 events):
No events

Classes redefined (0 events):
No events

Internal exceptions (20 events):
Event: 1.167 Thread 0x000001f5fcaf0f50 Exception <a 'java/lang/NoSuchMethodError'{0x000000008a1b0fd0}: 'java.lang.Object java.lang.invoke.DirectMethodHandle$Holder.newInvokeSpecial(java.lang.Object, int, java.lang.Object)'> (0x000000008a1b0fd0) 
thrown [s\src\hotspot\share\interpreter\linkResolver.cpp, line 773]
Event: 1.168 Thread 0x000001f5fcaf0f50 Exception <a 'java/lang/NoSuchMethodError'{0x000000008a1b4b00}: 'int java.lang.invoke.DirectMethodHandle$Holder.invokeSpecialIFC(java.lang.Object, java.lang.Object, java.lang.Object, java.lang.Object)'> (0x000000008a1b4b00) 
thrown [s\src\hotspot\share\interpreter\linkResolver.cpp, line 773]
Event: 1.171 Thread 0x000001f5d5499ee0 Exception <a 'java/lang/NoSuchMethodError'{0x000000008a1d0830}: 'long java.lang.invoke.DirectMethodHandle$Holder.invokeVirtual(java.lang.Object, java.lang.Object)'> (0x000000008a1d0830) 
thrown [s\src\hotspot\share\interpreter\linkResolver.cpp, line 773]
Event: 1.171 Thread 0x000001f5d5499ee0 Exception <a 'java/lang/NoSuchMethodError'{0x000000008a1d3e20}: 'long java.lang.invoke.DelegatingMethodHandle$Holder.reinvoke_L(java.lang.Object, java.lang.Object)'> (0x000000008a1d3e20) 
thrown [s\src\hotspot\share\interpreter\linkResolver.cpp, line 773]
Event: 1.182 Thread 0x000001f5fcaf0f50 Exception <a 'java/lang/NoSuchMethodError'{0x000000008a0d2370}: 'void java.lang.invoke.DirectMethodHandle$Holder.invokeInterface(java.lang.Object, java.lang.Object, java.lang.Object)'> (0x000000008a0d2370) 
thrown [s\src\hotspot\share\interpreter\linkResolver.cpp, line 773]
Event: 1.194 Thread 0x000001f5fcaf0f50 Exception <a 'java/lang/NoSuchMethodError'{0x0000000089f4bd10}: 'java.lang.Object java.lang.invoke.DirectMethodHandle$Holder.invokeVirtual(java.lang.Object, java.lang.Object, java.lang.Object)'> (0x0000000089f4bd10) 
thrown [s\src\hotspot\share\interpreter\linkResolver.cpp, line 773]
Event: 1.207 Thread 0x000001f5fcaf0f50 Exception <a 'java/lang/NoSuchMethodError'{0x0000000089e334c8}: 'void java.lang.invoke.DirectMethodHandle$Holder.invokeStatic(java.lang.Object, java.lang.Object, int)'> (0x0000000089e334c8) 
thrown [s\src\hotspot\share\interpreter\linkResolver.cpp, line 773]
Event: 1.209 Thread 0x000001f5fcaf0f50 Exception <a 'java/lang/NoSuchMethodError'{0x0000000089e46ab0}: 'void java.lang.invoke.DirectMethodHandle$Holder.invokeStaticInit(java.lang.Object, java.lang.Object, java.lang.Object)'> (0x0000000089e46ab0) 
thrown [s\src\hotspot\share\interpreter\linkResolver.cpp, line 773]
Event: 1.213 Thread 0x000001f5fcaf0f50 Exception <a 'java/lang/NoSuchMethodError'{0x0000000089e9b410}: 'java.lang.Object java.lang.invoke.DirectMethodHandle$Holder.invokeStaticInit(java.lang.Object, int)'> (0x0000000089e9b410) 
thrown [s\src\hotspot\share\interpreter\linkResolver.cpp, line 773]
Event: 1.214 Thread 0x000001f5fcaf0f50 Exception <a 'java/lang/NoSuchMethodError'{0x0000000089eab6e0}: 'java.lang.Object java.lang.invoke.DirectMethodHandle$Holder.invokeStaticInit(java.lang.Object, int, java.lang.Object)'> (0x0000000089eab6e0) 
thrown [s\src\hotspot\share\interpreter\linkResolver.cpp, line 773]
Event: 1.225 Thread 0x000001f5fcaf0f50 Exception <a 'java/lang/NoSuchMethodError'{0x0000000089d42bf0}: 'void java.lang.invoke.DirectMethodHandle$Holder.invokeVirtual(java.lang.Object, java.lang.Object, java.lang.Object, java.lang.Object)'> (0x0000000089d42bf0) 
thrown [s\src\hotspot\share\interpreter\linkResolver.cpp, line 773]
Event: 1.265 Thread 0x000001f5fcaf0f50 Exception <a 'java/lang/NoSuchMethodError'{0x00000000898a3238}: 'java.lang.Object java.lang.invoke.Invokers$Holder.invoke_MT(java.lang.Object, java.lang.Object, java.lang.Object, java.lang.Object, java.lang.Object, java.lang.Object, java.lang.Object, java.lang.Object, java.lang.Object)'> (0x00000000898a3238) 
thrown [s\src\hotspot\share\interpreter\linkResolver.cpp, line 773]
Event: 1.267 Thread 0x000001f5fcaf0f50 Exception <a 'java/lang/NoSuchMethodError'{0x000000008972f7b8}: 'java.lang.reflect.Field[] java.lang.Class.getDeclaredFields(java.lang.Class)'> (0x000000008972f7b8) 
thrown [s\src\hotspot\share\interpreter\linkResolver.cpp, line 773]
Event: 1.274 Thread 0x000001f5fcaf0f50 Exception <a 'java/lang/IncompatibleClassChangeError'{0x00000000897fc6b0}: Found class java.lang.Object, but interface was expected> (0x00000000897fc6b0) 
thrown [s\src\hotspot\share\interpreter\linkResolver.cpp, line 840]
Event: 1.412 Thread 0x000001f5d564bdd0 Exception <a 'java/lang/NoSuchMethodError'{0x0000000089fc2cf8}: 'long java.lang.invoke.DirectMethodHandle$Holder.invokeStatic(java.lang.Object, java.lang.Object)'> (0x0000000089fc2cf8) 
thrown [s\src\hotspot\share\interpreter\linkResolver.cpp, line 773]
Event: 1.412 Thread 0x000001f5d564bdd0 Exception <a 'java/lang/NoSuchMethodError'{0x0000000089fc5df0}: 'long java.lang.invoke.DirectMethodHandle$Holder.invokeStaticInit(java.lang.Object, java.lang.Object)'> (0x0000000089fc5df0) 
thrown [s\src\hotspot\share\interpreter\linkResolver.cpp, line 773]
Event: 1.413 Thread 0x000001f5d564bdd0 Exception <a 'java/lang/NoSuchMethodError'{0x0000000089fd1ed0}: 'long java.lang.invoke.DirectMethodHandle$Holder.invokeInterface(java.lang.Object, java.lang.Object)'> (0x0000000089fd1ed0) 
thrown [s\src\hotspot\share\interpreter\linkResolver.cpp, line 773]
Event: 1.413 Thread 0x000001f5d564bdd0 Exception <a 'java/lang/IncompatibleClassChangeError'{0x0000000089fd4ef0}: Found class java.lang.Object, but interface was expected> (0x0000000089fd4ef0) 
thrown [s\src\hotspot\share\interpreter\linkResolver.cpp, line 840]
Event: 1.431 Thread 0x000001f5fcaf0f50 Exception <a 'java/lang/NoSuchMethodError'{0x0000000089c87eb0}: 'int java.lang.invoke.DirectMethodHandle$Holder.invokeSpecial(java.lang.Object, java.lang.Object, java.lang.Object, java.lang.Object, java.lang.Object)'> (0x0000000089c87eb0) 
thrown [s\src\hotspot\share\interpreter\linkResolver.cpp, line 773]
Event: 1.432 Thread 0x000001f5fcaf0f50 Exception <a 'java/lang/NoSuchMethodError'{0x0000000089c8ff98}: 'void java.lang.invoke.DirectMethodHandle$Holder.invokeVirtual(java.lang.Object, java.lang.Object)'> (0x0000000089c8ff98) 
thrown [s\src\hotspot\share\interpreter\linkResolver.cpp, line 773]

ZGC Phase Switch (0 events):
No events

VM Operations (20 events):
Event: 0.646 Executing VM operation: HandshakeAllThreads (Deoptimize) done
Event: 0.659 Executing VM operation: G1CollectForAllocation (G1 Evacuation Pause)
Event: 0.667 Executing VM operation: G1CollectForAllocation (G1 Evacuation Pause) done
Event: 0.681 Executing VM operation: HandshakeAllThreads (Deoptimize)
Event: 0.681 Executing VM operation: HandshakeAllThreads (Deoptimize) done
Event: 1.190 Executing VM operation: ICBufferFull
Event: 1.190 Executing VM operation: ICBufferFull done
Event: 1.255 Executing VM operation: HandshakeAllThreads (Deoptimize)
Event: 1.255 Executing VM operation: HandshakeAllThreads (Deoptimize) done
Event: 1.257 Executing VM operation: HandshakeAllThreads (Deoptimize)
Event: 1.257 Executing VM operation: HandshakeAllThreads (Deoptimize) done
Event: 1.282 Executing VM operation: G1CollectForAllocation (G1 Evacuation Pause)
Event: 1.288 Executing VM operation: G1CollectForAllocation (G1 Evacuation Pause) done
Event: 1.399 Executing VM operation: HandshakeAllThreads (Deoptimize)
Event: 1.399 Executing VM operation: HandshakeAllThreads (Deoptimize) done
Event: 1.422 Executing VM operation: HandshakeAllThreads (Deoptimize)
Event: 1.422 Executing VM operation: HandshakeAllThreads (Deoptimize) done
Event: 1.456 Executing VM operation: HandshakeAllThreads (Deoptimize)
Event: 1.456 Executing VM operation: HandshakeAllThreads (Deoptimize) done
Event: 2.460 Executing VM operation: Cleanup

Memory protections (0 events):
No events

Nmethod flushes (0 events):
No events

Events (19 events):
Event: 0.027 Thread 0x000001f5fcaf0f50 Thread added: 0x000001f5fcaf0f50
Event: 0.043 Thread 0x000001f5fcaf0f50 Thread added: 0x000001f5ffa832a0
Event: 0.043 Thread 0x000001f5fcaf0f50 Thread added: 0x000001f5ffa85910
Event: 0.043 Thread 0x000001f5fcaf0f50 Thread added: 0x000001f5ffa8a320
Event: 0.043 Thread 0x000001f5fcaf0f50 Thread added: 0x000001f5ffa8abe0
Event: 0.043 Thread 0x000001f5fcaf0f50 Thread added: 0x000001f5ffa8b6d0
Event: 0.043 Thread 0x000001f5fcaf0f50 Thread added: 0x000001f58f7bd5e0
Event: 0.044 Thread 0x000001f5fcaf0f50 Thread added: 0x000001f58f7c5c50
Event: 0.118 Thread 0x000001f58f7c5c50 Thread added: 0x000001f5ffa5c830
Event: 0.132 Thread 0x000001f5fcaf0f50 Thread added: 0x000001f58f90a250
Event: 0.233 Thread 0x000001f5fcaf0f50 Thread added: 0x000001f5d522e730
Event: 0.233 Thread 0x000001f5fcaf0f50 Thread added: 0x000001f5d522f270
Event: 0.243 Thread 0x000001f58f7c5c50 Thread added: 0x000001f5d52440e0
Event: 0.243 Thread 0x000001f58f7c5c50 Thread added: 0x000001f5d5244780
Event: 0.512 Thread 0x000001f5fcaf0f50 Thread added: 0x000001f5d5479db0
Event: 0.545 Thread 0x000001f5d5479db0 Thread added: 0x000001f5d5499ee0
Event: 0.568 Thread 0x000001f5d5499ee0 Thread added: 0x000001f5d54c42e0
Event: 0.578 Thread 0x000001f5d5499ee0 Thread added: 0x000001f5d54eece0
Event: 1.263 Thread 0x000001f5fcaf0f50 Thread added: 0x000001f5d564bdd0


Dynamic libraries:
0x00007ff6520d0000 - 0x00007ff6520de000 	C:\Users\cioba\.jdks\ms-21.0.9-1\bin\java.exe
0x00007ffd53ee0000 - 0x00007ffd54147000 	C:\WINDOWS\SYSTEM32\ntdll.dll
0x00007ffd52860000 - 0x00007ffd52929000 	C:\WINDOWS\System32\KERNEL32.DLL
0x00007ffd51030000 - 0x00007ffd5141f000 	C:\WINDOWS\System32\KERNELBASE.dll
0x00007ffd51a80000 - 0x00007ffd51bcb000 	C:\WINDOWS\System32\ucrtbase.dll
0x00007ffd4b970000 - 0x00007ffd4b98e000 	C:\Users\cioba\.jdks\ms-21.0.9-1\bin\VCRUNTIME140.dll
0x00007ffd4b990000 - 0x00007ffd4b9a8000 	C:\Users\cioba\.jdks\ms-21.0.9-1\bin\jli.dll
0x00007ffd52690000 - 0x00007ffd52855000 	C:\WINDOWS\System32\USER32.dll
0x00007ffd37060000 - 0x00007ffd372f3000 	C:\WINDOWS\WinSxS\amd64_microsoft.windows.common-controls_6595b64144ccf1df_6.0.26100.7309_none_3e05feeae336a044\COMCTL32.dll
0x00007ffd51a50000 - 0x00007ffd51a77000 	C:\WINDOWS\System32\win32u.dll
0x00007ffd53110000 - 0x00007ffd531b9000 	C:\WINDOWS\System32\msvcrt.dll
0x00007ffd523a0000 - 0x00007ffd523cb000 	C:\WINDOWS\System32\GDI32.dll
0x00007ffd51890000 - 0x00007ffd519bc000 	C:\WINDOWS\System32\gdi32full.dll
0x00007ffd515b0000 - 0x00007ffd51653000 	C:\WINDOWS\System32\msvcp_win.dll
0x00007ffd53700000 - 0x00007ffd53731000 	C:\WINDOWS\System32\IMM32.DLL
0x00007ffd4b8b0000 - 0x00007ffd4b8bc000 	C:\Users\cioba\.jdks\ms-21.0.9-1\bin\vcruntime140_1.dll
0x00007ffd3dda0000 - 0x00007ffd3de29000 	C:\Users\cioba\.jdks\ms-21.0.9-1\bin\msvcp140.dll
0x00007ffcb0040000 - 0x00007ffcb0ded000 	C:\Users\cioba\.jdks\ms-21.0.9-1\bin\server\jvm.dll
0x00007ffd532a0000 - 0x00007ffd53354000 	C:\WINDOWS\System32\ADVAPI32.dll
0x00007ffd51e20000 - 0x00007ffd51ec6000 	C:\WINDOWS\System32\sechost.dll
0x00007ffd52280000 - 0x00007ffd52398000 	C:\WINDOWS\System32\RPCRT4.dll
0x00007ffd51c80000 - 0x00007ffd51cf4000 	C:\WINDOWS\System32\WS2_32.dll
0x00007ffd50e90000 - 0x00007ffd50eee000 	C:\WINDOWS\SYSTEM32\POWRPROF.dll
0x00007ffd49880000 - 0x00007ffd4988b000 	C:\WINDOWS\SYSTEM32\VERSION.dll
0x00007ffd476f0000 - 0x00007ffd47725000 	C:\WINDOWS\SYSTEM32\WINMM.dll
0x00007ffd50e70000 - 0x00007ffd50e84000 	C:\WINDOWS\SYSTEM32\UMPDC.dll
0x00007ffd4fda0000 - 0x00007ffd4fdbb000 	C:\WINDOWS\SYSTEM32\kernel.appcore.dll
0x00007ffd4b8a0000 - 0x00007ffd4b8aa000 	C:\Users\cioba\.jdks\ms-21.0.9-1\bin\jimage.dll
0x00007ffd4e630000 - 0x00007ffd4e872000 	C:\WINDOWS\SYSTEM32\DBGHELP.DLL
0x00007ffd51ee0000 - 0x00007ffd52265000 	C:\WINDOWS\System32\combase.dll
0x00007ffd52930000 - 0x00007ffd52a06000 	C:\WINDOWS\System32\OLEAUT32.dll
0x00007ffd30fa0000 - 0x00007ffd30fdc000 	C:\WINDOWS\SYSTEM32\dbgcore.DLL
0x00007ffd51bd0000 - 0x00007ffd51c75000 	C:\WINDOWS\System32\bcryptPrimitives.dll
0x00007ffd4aca0000 - 0x00007ffd4acb0000 	C:\Users\cioba\.jdks\ms-21.0.9-1\bin\instrument.dll
0x00007ffd475a0000 - 0x00007ffd475c1000 	C:\Users\cioba\.jdks\ms-21.0.9-1\bin\java.dll
0x00007ffd53740000 - 0x00007ffd53e93000 	C:\WINDOWS\System32\SHELL32.dll
0x00007ffd51720000 - 0x00007ffd5188a000 	C:\WINDOWS\System32\wintypes.dll
0x00007ffd4ebf0000 - 0x00007ffd4f44e000 	C:\WINDOWS\SYSTEM32\windows.storage.dll
0x00007ffd53600000 - 0x00007ffd536f5000 	C:\WINDOWS\System32\SHCORE.dll
0x00007ffd51d20000 - 0x00007ffd51d86000 	C:\WINDOWS\System32\shlwapi.dll
0x00007ffd50f50000 - 0x00007ffd50f79000 	C:\WINDOWS\SYSTEM32\profapi.dll
0x00007ffd3ec70000 - 0x00007ffd3ec88000 	C:\Users\cioba\.jdks\ms-21.0.9-1\bin\zip.dll
0x00007ffd3ed40000 - 0x00007ffd3ed51000 	C:\Users\cioba\.jdks\ms-21.0.9-1\bin\net.dll
0x00007ffd4b1b0000 - 0x00007ffd4b2d8000 	C:\WINDOWS\SYSTEM32\WINHTTP.dll
0x00007ffd502f0000 - 0x00007ffd5035b000 	C:\WINDOWS\system32\mswsock.dll
0x00007ffd3ec90000 - 0x00007ffd3eca6000 	C:\Users\cioba\.jdks\ms-21.0.9-1\bin\nio.dll
0x00007ffd4ac90000 - 0x00007ffd4ac99000 	C:\Users\cioba\.jdks\ms-21.0.9-1\bin\extnet.dll
0x00007ffd4f880000 - 0x00007ffd4f9ac000 	C:\WINDOWS\SYSTEM32\DNSAPI.dll
0x00007ffd4f840000 - 0x00007ffd4f874000 	C:\WINDOWS\SYSTEM32\IPHLPAPI.DLL
0x00007ffd52f20000 - 0x00007ffd52f2a000 	C:\WINDOWS\System32\NSI.dll
0x00007ffd49ce0000 - 0x00007ffd49ceb000 	C:\Windows\System32\rasadhlp.dll
0x00007ffd4b6f0000 - 0x00007ffd4b776000 	C:\WINDOWS\System32\fwpuclnt.dll
0x00007ffd476a0000 - 0x00007ffd476aa000 	C:\Users\cioba\.jdks\ms-21.0.9-1\bin\management.dll
0x00007ffd3eeb0000 - 0x00007ffd3eebc000 	C:\Users\cioba\.jdks\ms-21.0.9-1\bin\management_ext.dll
0x00007ffd51ed0000 - 0x00007ffd51ed8000 	C:\WINDOWS\System32\PSAPI.DLL
0x00007ffd506e0000 - 0x00007ffd506fb000 	C:\WINDOWS\SYSTEM32\CRYPTSP.dll
0x00007ffd4fd00000 - 0x00007ffd4fd3a000 	C:\WINDOWS\system32\rsaenh.dll
0x00007ffd503a0000 - 0x00007ffd503cb000 	C:\WINDOWS\SYSTEM32\USERENV.dll
0x00007ffd50f20000 - 0x00007ffd50f4a000 	C:\WINDOWS\SYSTEM32\bcrypt.dll
0x00007ffd50540000 - 0x00007ffd5054c000 	C:\WINDOWS\SYSTEM32\CRYPTBASE.dll
0x00007ffd2c820000 - 0x00007ffd2c838000 	C:\WINDOWS\system32\napinsp.dll
0x00007ffd298b0000 - 0x00007ffd298c2000 	C:\WINDOWS\System32\winrnr.dll
0x00007ffd26ee0000 - 0x00007ffd26f02000 	C:\WINDOWS\system32\nlansp_c.dll
0x00007ffd26ec0000 - 0x00007ffd26ed6000 	C:\WINDOWS\system32\wshbth.dll
0x00007ffd2cb40000 - 0x00007ffd2cb96000 	C:\WINDOWS\SYSTEM32\pdh.dll
0x00007ffd4d960000 - 0x00007ffd4d972000 	C:\WINDOWS\System32\perfproc.dll
0x00007ffd476b0000 - 0x00007ffd476c1000 	C:\WINDOWS\System32\perfos.dll
0x00007ffd4f480000 - 0x00007ffd4f492000 	C:\WINDOWS\SYSTEM32\pfclient.dll
0x00007ffd3ecc0000 - 0x00007ffd3ecce000 	C:\Users\cioba\.jdks\ms-21.0.9-1\bin\sunmscapi.dll
0x00007ffd51430000 - 0x00007ffd515a7000 	C:\WINDOWS\System32\CRYPT32.dll
0x00007ffd50830000 - 0x00007ffd50860000 	C:\WINDOWS\SYSTEM32\ncrypt.dll
0x00007ffd507e0000 - 0x00007ffd5081f000 	C:\WINDOWS\SYSTEM32\NTASN1.dll

JVMTI agents:
C:\Program Files\JetBrains\IntelliJ IDEA 2025.2.3\lib\idea_rt.jar path:C:\Users\cioba\.jdks\ms-21.0.9-1\bin\instrument.dll, loaded, initialized, instrumentlib options:62686

dbghelp: loaded successfully - version: 4.0.5 - missing functions: none
symbol engine: initialized successfully - sym options: 0x614 - pdb path: .;C:\Users\cioba\.jdks\ms-21.0.9-1\bin;C:\WINDOWS\SYSTEM32;C:\WINDOWS\WinSxS\amd64_microsoft.windows.common-controls_6595b64144ccf1df_6.0.26100.7309_none_3e05feeae336a044;C:\Users\cioba\.jdks\ms-21.0.9-1\bin\server

VM Arguments:
jvm_args: -XX:TieredStopAtLevel=1 -Dspring.output.ansi.enabled=always -Dcom.sun.management.jmxremote -Dspring.jmx.enabled=true -Dspring.liveBeansView.mbeanDomain -Dspring.application.admin.enabled=true -Dmanagement.endpoints.jmx.exposure.include=* -javaagent:C:\Program Files\JetBrains\IntelliJ IDEA 2025.2.3\lib\idea_rt.jar=62686 -Dfile.encoding=UTF-8 -Dsun.stdout.encoding=UTF-8 -Dsun.stderr.encoding=UTF-8 
java_command: org.example.study.StudyApplication
java_class_path (initial): C:\Users\cioba\OneDrive\Desktop\Study\target\classes;C:\Users\cioba\.m2\repository\org\springframework\boot\spring-boot-starter-data-jpa\4.0.1\spring-boot-starter-data-jpa-4.0.1.jar;C:\Users\cioba\.m2\repository\org\springframework\boot\spring-boot-starter\4.0.1\spring-boot-starter-4.0.1.jar;C:\Users\cioba\.m2\repository\org\springframework\boot\spring-boot-starter-logging\4.0.1\spring-boot-starter-logging-4.0.1.jar;C:\Users\cioba\.m2\repository\ch\qos\logback\logback-classic\1.5.22\logback-classic-1.5.22.jar;C:\Users\cioba\.m2\repository\ch\qos\logback\logback-core\1.5.22\logback-core-1.5.22.jar;C:\Users\cioba\.m2\repository\org\apache\logging\log4j\log4j-to-slf4j\2.25.3\log4j-to-slf4j-2.25.3.jar;C:\Users\cioba\.m2\repository\org\apache\logging\log4j\log4j-api\2.25.3\log4j-api-2.25.3.jar;C:\Users\cioba\.m2\repository\org\slf4j\jul-to-slf4j\2.0.17\jul-to-slf4j-2.0.17.jar;C:\Users\cioba\.m2\repository\org\springframework\boot\spring-boot-autoconfigure\4.0.1\spring-boot-autoconfigure-4.0.1.jar;C:\Users\cioba\.m2\repository\jakarta\annotation\jakarta.annotation-api\3.0.0\jakarta.annotation-api-3.0.0.jar;C:\Users\cioba\.m2\repository\org\yaml\snakeyaml\2.5\snakeyaml-2.5.jar;C:\Users\cioba\.m2\repository\org\springframework\boot\spring-boot-starter-jdbc\4.0.1\spring-boot-starter-jdbc-4.0.1.jar;C:\Users\cioba\.m2\repository\com\zaxxer\HikariCP\7.0.2\HikariCP-7.0.2.jar;C:\Users\cioba\.m2\repository\org\slf4j\slf4j-api\2.0.17\slf4j-api-2.0.17.jar;C:\Users\cioba\.m2\repository\org\springframework\boot\spring-boot-data-jpa\4.0.1\spring-boot-data-jpa-4.0.1.jar;C:\Users\cioba\.m2\repository\org\springframework\boot\spring-boot-data-commons\4.0.1\spring-boot-data-commons-4.0.1.jar;C:\Users\cioba\.m2\repository\org\springframework\boot\spring-boot-persistence\4.0.1\spring-boot-persistence-4.0.1.jar;C:\Users\cioba\.m2\repository\org\springframework\data\spring-data-commons\4.0.1\spring-data-commons-4.0.1.jar;C:\Users\cioba\.m2\repository\org\springframework\boot\spring-boot-hibernate\4.0.1\spring-boot-hibernate-4.0.1.jar;C:\Users\cioba\.m2\repository\org\springframework\boot\spring-boot-jpa\4.0.1\spring-boot-jpa-4.0.1.jar;C:\Users\cioba\.m2\repository\jakarta\persistence\jakarta.persistence-api\3.2.0\jakarta.persistence-api-3.2.0.jar;C:\Users\cioba\.m2\repository\org\hibernate\orm\hibernate-core\7.2.0.Final\hibernate-core-7.2.0.Final.jar;C:\Users\cioba\.m2\repository\jakarta\transaction\jakarta.transaction-api\2.0.1\jakarta.transaction-api-2.0.1.jar;C:\Users\cioba\.m2\repository\org\jboss\logging\jboss-logging\3.6.1.Final\jboss-logging-3.6.1.Final.jar;C:\Users\cioba\.m2\repository\org\hibernate\models\hibernate-models\1.0.1\hibernate-models-1.0.1.jar;C:\Users\cioba\.m2\repository\com\fasterxml\classmate\1.7.1\classmate-1.7.1.jar;C:\Users\cioba\.m2\repository\org\glassfish\jaxb\jaxb-runtime\4.0.6\jaxb-runtime-4.0.6.jar;C:\Users\cioba\.m2\repository\org\glassfish\jaxb\jaxb-core\4.0.6\jaxb-core-4.0.6.jar;C:\Users\cioba\.m2\repository\org\eclipse\angus\angus-activation\2.0.3\angus-activation-2.0.3.jar;C:\Users\cioba\.m2\repository\org\glassfish\jaxb\txw2\4.0.6\txw2-4.0.6.jar;C:\Users\cioba\.m2\repository\com\sun\istack\istack-commons-runtime\4.1.2\istack-commons-runtime-4.1.2.jar;C:\Users\cioba\.m2\repository\jakarta\inject\jakarta.inject-api\2.0.1\jakarta.inject-api-2.0.1.jar;C:\Users\cioba\.m2\repository\org\springframework\spring-orm\7.0.2\spring-orm-7.0.2.jar;C:\Users\cioba\.m2\repository\org\springframework\data\spring-data-jpa\4.0.1\spring-data-jpa-4.0.1.jar;C:\Users\cioba\.m2\repository\org\springframework\spring-context\7.0.2\spring-context-7.0.2.jar;C:\Users\cioba\.m2\repository\org\springframework\spring-tx\7.0.2\spring-tx-7.0.2.jar;C:\Users\cioba\.m2\repository\org\antlr\antlr4-runtime\4.13.2\antlr4-runtime-4.13.2.jar;C:\Users\cioba\.m2\repository\org\springframework\spring-aspects\7.0.2\spring-aspects-7.0.2.jar;C:\Users\cioba\.m2\repository\org\aspectj\aspectjweaver\1.9.25.1\aspectjweaver-1.9.25.1.jar;C:\Users\cioba\.m2\repository\org\springframework\boot\spring-boot-jdbc\4.0.1\spring-boot-jdbc-4.0.1.jar;C:\Users\cioba\.m2\repository\org\springframework\boot\spring-boot\4.0.1\spring-boot-4.0.1.jar;C:\Users\cioba\.m2\repository\org\springframework\boot\spring-boot-sql\4.0.1\spring-boot-sql-4.0.1.jar;C:\Users\cioba\.m2\repository\org\springframework\boot\spring-boot-transaction\4.0.1\spring-boot-transaction-4.0.1.jar;C:\Users\cioba\.m2\repository\org\springframework\spring-jdbc\7.0.2\spring-jdbc-7.0.2.jar;C:\Users\cioba\.m2\repository\com\auth0\java-jwt\4.5.0\java-jwt-4.5.0.jar;C:\Users\cioba\.m2\repository\com\fasterxml\jackson\core\jackson-core\2.20.1\jackson-core-2.20.1.jar;C:\Users\cioba\.m2\repository\com\fasterxml\jackson\core\jackson-databind\2.20.1\jackson-databind-2.20.1.jar;C:\Users\cioba\.m2\repository\com\fasterxml\jackson\core\jackson-annotations\2.20\jackson-annotations-2.20.jar;C:\Users\cioba\.m2\repository\org\springframework\boot\spring-boot-starter-data-rest\4.0.1\spring-boot-starter-data-rest-4.0.1.jar;C:\Users\cioba\.m2\repository\org\springframework\boot\spring-boot-starter-jackson\4.0.1\spring-boot-starter-jackson-4.0.1.jar;C:\Users\cioba\.m2\repository\org\springframework\boot\spring-boot-jackson\4.0.1\spring-boot-jackson-4.0.1.jar;C:\Users\cioba\.m2\repository\tools\jackson\core\jackson-databind\3.0.3\jackson-databind-3.0.3.jar;C:\Users\cioba\.m2\repository\tools\jackson\core\jackson-core\3.0.3\jackson-core-3.0.3.jar;C:\Users\cioba\.m2\repository\org\springframework\boot\spring-boot-data-rest\4.0.1\spring-boot-data-rest-4.0.1.jar;C:\Users\cioba\.m2\repository\org\springframework\data\spring-data-rest-webmvc\5.0.1\spring-data-rest-webmvc-5.0.1.jar;C:\Users\cioba\.m2\repository\org\springframework\data\spring-data-rest-core\5.0.1\spring-data-rest-core-5.0.1.jar;C:\Users\cioba\.m2\repository\org\springframework\hateoas\spring-hateoas\3.0.1\spring-hateoas-3.0.1.jar;C:\Users\cioba\.m2\repository\org\springframework\plugin\spring-plugin-core\4.0.0\spring-plugin-core-4.0.0.jar;C:\Users\cioba\.m2\repository\org\atteo\evo-inflector\1.3\evo-inflector-1.3.jar;C:\Users\cioba\.m2\repository\org\springframework\boot\spring-boot-starter-security\4.0.1\spring-boot-starter-security-4.0.1.jar;C:\Users\cioba\.m2\repository\org\springframework\boot\spring-boot-security\4.0.1\spring-boot-security-4.0.1.jar;C:\Users\cioba\.m2\repository\org\springframework\security\spring-security-config\7.0.2\spring-security-config-7.0.2.jar;C:\Users\cioba\.m2\repository\org\springframework\security\spring-security-core\7.0.2\spring-security-core-7.0.2.jar;C:\Users\cioba\.m2\repository\org\springframework\security\spring-security-crypto\7.0.2\spring-security-crypto-7.0.2.jar;C:\Users\cioba\.m2\repository\org\springframework\security\spring-security-web\7.0.2\spring-security-web-7.0.2.jar;C:\Users\cioba\.m2\repository\org\springframework\spring-expression\7.0.2\spring-expression-7.0.2.jar;C:\Users\cioba\.m2\repository\org\springframework\spring-aop\7.0.2\spring-aop-7.0.2.jar;C:\Users\cioba\.m2\repository\org\springframework\spring-beans\7.0.2\spring-beans-7.0.2.jar;C:\Users\cioba\.m2\repository\org\springframework\spring-core\7.0.2\spring-core-7.0.2.jar;C:\Users\cioba\.m2\repository\commons-logging\commons-logging\1.3.5\commons-logging-1.3.5.jar;C:\Users\cioba\.m2\repository\org\jspecify\jspecify\1.0.0\jspecify-1.0.0.jar;C:\Users\cioba\.m2\repository\org\springframework\boot\spring-boot-starter-session-jdbc\4.0.1\spring-boot-starter-session-jdbc-4.0.1.jar;C:\Users\cioba\.m2\repository\org\springframework\boot\spring-boot-session-jdbc\4.0.1\spring-boot-session-jdbc-4.0.1.jar;C:\Users\cioba\.m2\repository\org\springframework\boot\spring-boot-session\4.0.1\spring-boot-session-4.0.1.jar;C:\Users\cioba\.m2\repository\org\springframework\session\spring-session-core\4.0.1\spring-session-core-4.0.1.jar;C:\Users\cioba\.m2\repository\org\springframework\session\spring-session-jdbc\4.0.1\spring-session-jdbc-4.0.1.jar;C:\Users\cioba\.m2\repository\org\springframework\boot\spring-boot-starter-webmvc\4.0.1\spring-boot-starter-webmvc-4.0.1.jar;C:\Users\cioba\.m2\repository\org\springframework\boot\spring-boot-starter-tomcat\4.0.1\spring-boot-starter-tomcat-4.0.1.jar;C:\Users\cioba\.m2\repository\org\springframework\boot\spring-boot-starter-tomcat-runtime\4.0.1\spring-boot-starter-tomcat-runtime-4.0.1.jar;C:\Users\cioba\.m2\repository\org\apache\tomcat\embed\tomcat-embed-core\11.0.15\tomcat-embed-core-11.0.15.jar;C:\Users\cioba\.m2\repository\org\apache\tomcat\embed\tomcat-embed-el\11.0.15\tomcat-embed-el-11.0.15.jar;C:\Users\cioba\.m2\repository\org\apache\tomcat\embed\tomcat-embed-websocket\11.0.15\tomcat-embed-websocket-11.0.15.jar;C:\Users\cioba\.m2\repository\org\springframework\boot\spring-boot-tomcat\4.0.1\spring-boot-tomcat-4.0.1.jar;C:\Users\cioba\.m2\repository\org\springframework\boot\spring-boot-http-converter\4.0.1\spring-boot-http-converter-4.0.1.jar;C:\Users\cioba\.m2\repository\org\springframework\spring-web\7.0.2\spring-web-7.0.2.jar;C:\Users\cioba\.m2\repository\io\micrometer\micrometer-observation\1.16.1\micrometer-observation-1.16.1.jar;C:\Users\cioba\.m2\repository\io\micrometer\micrometer-commons\1.16.1\micrometer-commons-1.16.1.jar;C:\Users\cioba\.m2\repository\org\springframework\boot\spring-boot-webmvc\4.0.1\spring-boot-webmvc-4.0.1.jar;C:\Users\cioba\.m2\repository\org\springframework\boot\spring-boot-servlet\4.0.1\spring-boot-servlet-4.0.1.jar;C:\Users\cioba\.m2\repository\org\springframework\spring-webmvc\7.0.2\spring-webmvc-7.0.2.jar;C:\Users\cioba\.m2\repository\com\mysql\mysql-connector-j\9.5.0\mysql-connector-j-9.5.0.jar;C:\Users\cioba\.m2\repository\com\jayway\jsonpath\json-path\2.10.0\json-path-2.10.0.jar;C:\Users\cioba\.m2\repository\jakarta\xml\bind\jakarta.xml.bind-api\4.0.4\jakarta.xml.bind-api-4.0.4.jar;C:\Users\cioba\.m2\repository\jakarta\activation\jakarta.activation-api\2.1.4\jakarta.activation-api-2.1.4.jar;C:\Users\cioba\.m2\repository\net\minidev\json-smart\2.6.0\json-smart-2.6.0.jar;C:\Users\cioba\.m2\repository\net\minidev\accessors-smart\2.6.0\accessors-smart-2.6.0.jar;C:\Users\cioba\.m2\repository\org\ow2\asm\asm\9.7.1\asm-9.7.1.jar;C:\Users\cioba\.m2\repository\net\bytebuddy\byte-buddy\1.17.8\byte-buddy-1.17.8.jar;C:\Users\cioba\.m2\repository\org\springframework\boot\spring-boot-web-server\4.0.1\spring-boot-web-server-4.0.1.jar
Launcher Type: SUN_STANDARD

[Global flags]
     intx CICompilerCount                          = 4                                         {product} {ergonomic}
     uint ConcGCThreads                            = 2                                         {product} {ergonomic}
     uint G1ConcRefinementThreads                  = 8                                         {product} {ergonomic}
   size_t G1HeapRegionSize                         = 1048576                                   {product} {ergonomic}
    uintx GCDrainStackTargetSize                   = 64                                        {product} {ergonomic}
   size_t InitialHeapSize                          = 132120576                                 {product} {ergonomic}
     bool ManagementServer                         = true                                      {product} {command line}
   size_t MarkStackSize                            = 4194304                                   {product} {ergonomic}
   size_t MaxHeapSize                              = 2090860544                                {product} {ergonomic}
   size_t MaxNewSize                               = 1254096896                                {product} {ergonomic}
   size_t MinHeapDeltaBytes                        = 1048576                                   {product} {ergonomic}
   size_t MinHeapSize                              = 8388608                                   {product} {ergonomic}
    uintx NonNMethodCodeHeapSize                   = 4096                                   {pd product} {ergonomic}
    uintx NonProfiledCodeHeapSize                  = 0                                      {pd product} {ergonomic}
     bool ProfileInterpreter                       = false                                  {pd product} {command line}
    uintx ProfiledCodeHeapSize                     = 0                                      {pd product} {ergonomic}
   size_t SoftMaxHeapSize                          = 2090860544                             {manageable} {ergonomic}
     intx TieredStopAtLevel                        = 1                                         {product} {command line}
     bool UseCompressedOops                        = true                           {product lp64_product} {ergonomic}
     bool UseG1GC                                  = true                                      {product} {ergonomic}
     bool UseLargePagesIndividualAllocation        = false                                  {pd product} {ergonomic}

Logging:
Log output configuration:
 #0: stdout all=warning uptime,level,tags foldmultilines=false
 #1: stderr all=off uptime,level,tags foldmultilines=false

Release file:
IMPLEMENTOR="Microsoft" 
IMPLEMENTOR_VERSION="Microsoft-12574459" 
JAVA_RUNTIME_VERSION="21.0.9+10-LTS" 
JAVA_VERSION="21.0.9" 
JAVA_VERSION_DATE="2025-10-21" 
LIBC="default" 
MODULES="java.base java.compiler java.datatransfer java.xml java.prefs java.desktop java.instrument java.logging java.management java.security.sasl java.naming java.rmi java.management.rmi java.net.http java.scripting java.security.jgss java.transaction.xa java.sql java.sql.rowset java.xml.crypto java.se java.smartcardio jdk.accessibility jdk.internal.jvmstat jdk.attach jdk.charsets jdk.internal.opt jdk.zipfs jdk.compiler jdk.crypto.ec jdk.crypto.cryptoki jdk.crypto.mscapi jdk.dynalink jdk.internal.ed jdk.editpad jdk.hotspot.agent jdk.httpserver jdk.incubator.vector jdk.internal.le jdk.internal.vm.ci jdk.internal.vm.compiler jdk.internal.vm.compiler.management jdk.jartool jdk.javadoc jdk.jcmd jdk.management jdk.management.agent jdk.jconsole jdk.jdeps jdk.jdwp.agent jdk.jdi jdk.jfr jdk.jlink jdk.jpackage jdk.jshell jdk.jsobject jdk.jstatd jdk.localedata jdk.management.jfr jdk.naming.dns jdk.naming.rmi jdk.net jdk.nio.mapmode jdk.random jdk.sctp jdk.security.auth jdk.security.jgss jdk.unsupported jdk.unsupported.desktop jdk.xml.dom" 
OS_ARCH="x86_64" 
OS_NAME="Windows" 
SOURCE=".:git:e0bc49609000" 

Environment Variables:
PATH=C:\Program Files\Common Files\Oracle\Java\javapath;C:\WINDOWS\system32;C:\WINDOWS;C:\WINDOWS\System32\Wbem;C:\WINDOWS\System32\WindowsPowerShell\v1.0\;C:\WINDOWS\System32\OpenSSH\;C:\Program Files\Git\cmd;C:\Program Files (x86)\Windows Kits\10\Windows Performance Toolkit\;C:\Program Files\nodejs\;C:\Program Files\Microsoft SQL Server\150\Tools\Binn\;C:\Program Files\Microsoft SQL Server\Client SDK\ODBC\170\Tools\Binn\;C:\Program Files\dotnet\;C:\Program Files\Neovim\bin;C:\Program Files\GitHub CLI\;C:\Users\cioba\AppData\Local\Microsoft\WindowsApps;C:\Users\cioba\AppData\Local\Programs\Microsoft VS Code\bin;C:\Users\cioba\AppData\Roaming\npm;C:\Users\cioba\.dotnet\tools;C:\Users\cioba\AppData\Local\Programs\Antigravity\bin
USERNAME=cioba
OS=Windows_NT
PROCESSOR_IDENTIFIER=Intel64 Family 6 Model 140 Stepping 2, GenuineIntel
TMP=C:\Users\cioba\AppData\Local\Temp
TEMP=C:\Users\cioba\AppData\Local\Temp




Periodic native trim disabled

---------------  S Y S T E M  ---------------

OS:
 Windows 11 , 64 bit Build 26100 (10.0.26100.7309)
OS uptime: 1 days 16:02 hours
Hyper-V role detected

CPU: total 8 (initial active 8) (4 cores per cpu, 2 threads per core) family 6 model 140 stepping 2 microcode 0x26, cx8, cmov, fxsr, ht, mmx, 3dnowpref, sse, sse2, sse3, ssse3, sse4.1, sse4.2, popcnt, lzcnt, tsc, tscinvbit, avx, avx2, aes, erms, clmul, bmi1, bmi2, adx, avx512f, avx512dq, avx512cd, avx512bw, avx512vl, sha, fma, vzeroupper, avx512_vpopcntdq, avx512_vpclmulqdq, avx512_vaes, avx512_vnni, clflush, clflushopt, clwb, avx512_vbmi2, avx512_vbmi, hv, rdtscp, rdpid, fsrm, gfni, avx512_bitalg, f16c, cet_ibt, cet_ss, avx512_ifma
Processor Information for the first 8 processors :
  Max Mhz: 3187, Current Mhz: 3187, Mhz Limit: 3187

Memory: 4k page, system-wide physical 7975M (534M free)
TotalPageFile size 13975M (AvailPageFile size 5M)
current process WorkingSet (physical memory assigned to process): 127M, peak: 127M
current process commit charge ("private bytes"): 254M, peak: 254M

vm_info: OpenJDK 64-Bit Server VM (21.0.9+10-LTS) for windows-amd64 JRE (21.0.9+10-LTS), built on 2025-10-13T22:04:36Z by "MicrosoftCorporation" with unknown MS VC++:1944

END.
